#
# There is insufficient memory for the Java Runtime Environment to continue.
# Native memory allocation (malloc) failed to allocate 768656 bytes for Chunk::new
# Possible reasons:
#   The system is out of physical RAM or swap space
#   In 32 bit mode, the process size limit was hit
# Possible solutions:
#   Reduce memory load on the system
#   Increase physical memory or swap space
#   Check if swap backing store is full
#   Use 64 bit Java on a 64 bit OS
#   Decrease Java heap size (-Xmx/-Xms)
#   Decrease number of Java threads
#   Decrease Java thread stack sizes (-Xss)
#   Set larger code cache with -XX:ReservedCodeCacheSize=
# This output file may be truncated or incomplete.
#
#  Out of Memory Error (allocation.cpp:390), pid=1444, tid=0x0000000000002d30
#
# JRE version: Java(TM) SE Runtime Environment (8.0_101-b13) (build 1.8.0_101-b13)
# Java VM: Java HotSpot(TM) 64-Bit Server VM (25.101-b13 mixed mode windows-amd64 compressed oops)
# Failed to write core dump. Minidumps are not enabled by default on client versions of Windows
#

---------------  T H R E A D  ---------------

Current thread (0x0000000016372800):  JavaThread "C2 CompilerThread1" daemon [_thread_in_native, id=11568, stack(0x0000000017ad0000,0x0000000017bd0000)]

Stack: [0x0000000017ad0000,0x0000000017bd0000]
[error occurred during error reporting (printing stack bounds), id 0xc0000005]

Native frames: (J=compiled Java code, j=interpreted, Vv=VM code, C=native code)


Current CompileTask:
C2:   2606 1331       4       java.net.URLClassLoader$1::run (5 bytes)


---------------  P R O C E S S  ---------------

Java Threads: ( => current thread )
  0x00000000193f2000 JavaThread "Cache worker for file hash cache (C:\Users\Willian\Desktop\WillMaterialDesign\.gradle\4.4\fileHashes)" [_thread_blocked, id=13160, stack(0x000000001c000000,0x000000001c100000)]
  0x00000000193f1000 JavaThread "File lock request listener" [_thread_in_native, id=9596, stack(0x000000001af30000,0x000000001b030000)]
  0x00000000193f4000 JavaThread "Cache worker for file hash cache (C:\Users\Willian\.gradle\caches\4.4\fileHashes)" [_thread_blocked, id=8, stack(0x000000001ae30000,0x000000001af30000)]
  0x00000000193f2800 JavaThread "Stdin handler" [_thread_blocked, id=4608, stack(0x000000001ab30000,0x000000001ac30000)]
  0x00000000193f3800 JavaThread "Asynchronous log dispatcher for DefaultDaemonConnection: socket connection from /127.0.0.1:53626 to /127.0.0.1:53627" [_thread_blocked, id=12140, stack(0x000000001aa30000,0x000000001ab30000)]
  0x00000000193bc000 JavaThread "Daemon worker" [_thread_in_vm, id=10452, stack(0x000000001a930000,0x000000001aa30000)]
  0x00000000193ed800 JavaThread "Cancel handler" [_thread_blocked, id=6088, stack(0x000000001a830000,0x000000001a930000)]
  0x0000000019329800 JavaThread "Handler for socket connection from /127.0.0.1:53626 to /127.0.0.1:53627" [_thread_in_native, id=12264, stack(0x000000001a530000,0x000000001a630000)]
  0x0000000019322800 JavaThread "Daemon" [_thread_blocked, id=12492, stack(0x000000001a430000,0x000000001a530000)]
  0x0000000019116800 JavaThread "Daemon periodic checks" [_thread_blocked, id=3636, stack(0x000000001a330000,0x000000001a430000)]
  0x0000000019124800 JavaThread "Incoming local TCP Connector on port 53626" [_thread_in_native, id=7140, stack(0x000000001a0e0000,0x000000001a1e0000)]
  0x0000000018ef9000 JavaThread "Daemon health stats" [_thread_blocked, id=1916, stack(0x0000000019aa0000,0x0000000019ba0000)]
  0x00000000163ce800 JavaThread "Service Thread" daemon [_thread_blocked, id=4696, stack(0x00000000180d0000,0x00000000181d0000)]
  0x000000001637a800 JavaThread "C1 CompilerThread2" daemon [_thread_blocked, id=12412, stack(0x0000000017bd0000,0x0000000017cd0000)]
=>0x0000000016372800 JavaThread "C2 CompilerThread1" daemon [_thread_in_native, id=11568, stack(0x0000000017ad0000,0x0000000017bd0000)]
  0x000000001636c800 JavaThread "C2 CompilerThread0" daemon [_thread_in_native, id=10044, stack(0x00000000179d0000,0x0000000017ad0000)]
  0x000000001636b000 JavaThread "Attach Listener" daemon [_thread_blocked, id=5176, stack(0x00000000178d0000,0x00000000179d0000)]
  0x000000001636a000 JavaThread "Signal Dispatcher" daemon [_thread_blocked, id=11152, stack(0x00000000177d0000,0x00000000178d0000)]
  0x000000001635a800 JavaThread "Finalizer" daemon [_thread_blocked, id=6476, stack(0x00000000175c0000,0x00000000176c0000)]
  0x000000000295f800 JavaThread "Reference Handler" daemon [_thread_blocked, id=10128, stack(0x00000000174c0000,0x00000000175c0000)]
  0x00000000010ae000 JavaThread "main" [_thread_blocked, id=12572, stack(0x0000000000f70000,0x0000000001070000)]

Other Threads:
  0x0000000016338800 VMThread [stack: 0x00000000173c0000,0x00000000174c0000] [id=8408]
  0x0000000017d10000 WatcherThread [stack: 0x00000000181d0000,0x00000000182d0000] [id=2376]

VM state:not at safepoint (normal execution)

VM Mutex/Monitor currently owned by a thread: None

Heap:
 PSYoungGen      total 38400K, used 20715K [0x00000000e0000000, 0x00000000e2a80000, 0x0000000100000000)
  eden space 33280K, 46% used [0x00000000e0000000,0x00000000e0f40bc8,0x00000000e2080000)
  from space 5120K, 99% used [0x00000000e2080000,0x00000000e257a1a8,0x00000000e2580000)
  to   space 5120K, 0% used [0x00000000e2580000,0x00000000e2580000,0x00000000e2a80000)
 ParOldGen       total 87552K, used 2279K [0x00000000a0000000, 0x00000000a5580000, 0x00000000e0000000)
  object space 87552K, 2% used [0x00000000a0000000,0x00000000a0239dc0,0x00000000a5580000)
 Metaspace       used 15830K, capacity 16256K, committed 16384K, reserved 1062912K
  class space    used 2305K, capacity 2446K, committed 2560K, reserved 1048576K

Card table byte_map: [0x0000000011dc0000,0x00000000120d0000] byte_map_base: 0x00000000118c0000

Marking Bits: (ParMarkBitMap*) 0x000000006927a6d0
 Begin Bits: [0x00000000126d0000, 0x0000000013ed0000)
 End Bits:   [0x0000000013ed0000, 0x00000000156d0000)

Polling page: 0x0000000000a50000

CodeCache: size=245760Kb used=4903Kb max_used=4903Kb free=240856Kb
 bounds [0x0000000002a00000, 0x0000000002ed0000, 0x0000000011a00000]
 total_blobs=1827 nmethods=1451 adapters=288
 compilation: enabled

Compilation events (10 events):
Event: 2.567 Thread 0x000000001637a800 1448       3       java.util.HashMap::afterNodeRemoval (1 bytes)
Event: 2.567 Thread 0x000000001637a800 nmethod 1448 0x0000000002ecb610 code [0x0000000002ecb760, 0x0000000002ecb8b0]
Event: 2.571 Thread 0x000000001637a800 1450       3       java.util.ArrayList::isEmpty (13 bytes)
Event: 2.571 Thread 0x000000001637a800 nmethod 1450 0x0000000002ecb910 code [0x0000000002ecba60, 0x0000000002ecbc10]
Event: 2.584 Thread 0x000000001637a800 1452       3       org.gradle.internal.service.DefaultServiceRegistry$ParentServices::wrap (10 bytes)
Event: 2.584 Thread 0x000000001637a800 nmethod 1452 0x0000000002ecbc90 code [0x0000000002ecbe00, 0x0000000002ecc090]
Event: 2.584 Thread 0x000000001637a800 1454       3       java.util.IdentityHashMap::maskNull (12 bytes)
Event: 2.584 Thread 0x000000001637a800 nmethod 1454 0x0000000002ecc190 code [0x0000000002ecc2e0, 0x0000000002ecc470]
Event: 2.584 Thread 0x000000001637a800 1453       3       org.gradle.internal.service.DefaultServiceRegistry$ParentServices$1::<init> (15 bytes)
Event: 2.585 Thread 0x000000001637a800 nmethod 1453 0x0000000002ecc4d0 code [0x0000000002ecc620, 0x0000000002ecc7f0]

GC Heap History (6 events):
Event: 1.042 GC heap before
{Heap before GC invocations=1 (full 0):
 PSYoungGen      total 38400K, used 33280K [0x00000000e0000000, 0x00000000e2a80000, 0x0000000100000000)
  eden space 33280K, 100% used [0x00000000e0000000,0x00000000e2080000,0x00000000e2080000)
  from space 5120K, 0% used [0x00000000e2580000,0x00000000e2580000,0x00000000e2a80000)
  to   space 5120K, 0% used [0x00000000e2080000,0x00000000e2080000,0x00000000e2580000)
 ParOldGen       total 87552K, used 0K [0x00000000a0000000, 0x00000000a5580000, 0x00000000e0000000)
  object space 87552K, 0% used [0x00000000a0000000,0x00000000a0000000,0x00000000a5580000)
 Metaspace       used 6795K, capacity 7002K, committed 7168K, reserved 1056768K
  class space    used 852K, capacity 911K, committed 1024K, reserved 1048576K
Event: 1.049 GC heap after
Heap after GC invocations=1 (full 0):
 PSYoungGen      total 38400K, used 4120K [0x00000000e0000000, 0x00000000e2a80000, 0x0000000100000000)
  eden space 33280K, 0% used [0x00000000e0000000,0x00000000e0000000,0x00000000e2080000)
  from space 5120K, 80% used [0x00000000e2080000,0x00000000e24862a8,0x00000000e2580000)
  to   space 5120K, 0% used [0x00000000e2580000,0x00000000e2580000,0x00000000e2a80000)
 ParOldGen       total 87552K, used 8K [0x00000000a0000000, 0x00000000a5580000, 0x00000000e0000000)
  object space 87552K, 0% used [0x00000000a0000000,0x00000000a0002000,0x00000000a5580000)
 Metaspace       used 6795K, capacity 7002K, committed 7168K, reserved 1056768K
  class space    used 852K, capacity 911K, committed 1024K, reserved 1048576K
}
Event: 1.981 GC heap before
{Heap before GC invocations=2 (full 0):
 PSYoungGen      total 38400K, used 37400K [0x00000000e0000000, 0x00000000e2a80000, 0x0000000100000000)
  eden space 33280K, 100% used [0x00000000e0000000,0x00000000e2080000,0x00000000e2080000)
  from space 5120K, 80% used [0x00000000e2080000,0x00000000e24862a8,0x00000000e2580000)
  to   space 5120K, 0% used [0x00000000e2580000,0x00000000e2580000,0x00000000e2a80000)
 ParOldGen       total 87552K, used 8K [0x00000000a0000000, 0x00000000a5580000, 0x00000000e0000000)
  object space 87552K, 0% used [0x00000000a0000000,0x00000000a0002000,0x00000000a5580000)
 Metaspace       used 11234K, capacity 11594K, committed 11904K, reserved 1058816K
  class space    used 1532K, capacity 1629K, committed 1664K, reserved 1048576K
Event: 1.988 GC heap after
Heap after GC invocations=2 (full 0):
 PSYoungGen      total 38400K, used 5117K [0x00000000e0000000, 0x00000000e2a80000, 0x0000000100000000)
  eden space 33280K, 0% used [0x00000000e0000000,0x00000000e0000000,0x00000000e2080000)
  from space 5120K, 99% used [0x00000000e2580000,0x00000000e2a7f5b0,0x00000000e2a80000)
  to   space 5120K, 0% used [0x00000000e2080000,0x00000000e2080000,0x00000000e2580000)
 ParOldGen       total 87552K, used 333K [0x00000000a0000000, 0x00000000a5580000, 0x00000000e0000000)
  object space 87552K, 0% used [0x00000000a0000000,0x00000000a0053508,0x00000000a5580000)
 Metaspace       used 11234K, capacity 11594K, committed 11904K, reserved 1058816K
  class space    used 1532K, capacity 1629K, committed 1664K, reserved 1048576K
}
Event: 2.368 GC heap before
{Heap before GC invocations=3 (full 0):
 PSYoungGen      total 38400K, used 38397K [0x00000000e0000000, 0x00000000e2a80000, 0x0000000100000000)
  eden space 33280K, 100% used [0x00000000e0000000,0x00000000e2080000,0x00000000e2080000)
  from space 5120K, 99% used [0x00000000e2580000,0x00000000e2a7f5b0,0x00000000e2a80000)
  to   space 5120K, 0% used [0x00000000e2080000,0x00000000e2080000,0x00000000e2580000)
 ParOldGen       total 87552K, used 333K [0x00000000a0000000, 0x00000000a5580000, 0x00000000e0000000)
  object space 87552K, 0% used [0x00000000a0000000,0x00000000a0053508,0x00000000a5580000)
 Metaspace       used 14397K, capacity 14784K, committed 15104K, reserved 1062912K
  class space    used 2063K, capacity 2190K, committed 2304K, reserved 1048576K
Event: 2.377 GC heap after
Heap after GC invocations=3 (full 0):
 PSYoungGen      total 38400K, used 5096K [0x00000000e0000000, 0x00000000e2a80000, 0x0000000100000000)
  eden space 33280K, 0% used [0x00000000e0000000,0x00000000e0000000,0x00000000e2080000)
  from space 5120K, 99% used [0x00000000e2080000,0x00000000e257a1a8,0x00000000e2580000)
  to   space 5120K, 0% used [0x00000000e2580000,0x00000000e2580000,0x00000000e2a80000)
 ParOldGen       total 87552K, used 2279K [0x00000000a0000000, 0x00000000a5580000, 0x00000000e0000000)
  object space 87552K, 2% used [0x00000000a0000000,0x00000000a0239dc0,0x00000000a5580000)
 Metaspace       used 14397K, capacity 14784K, committed 15104K, reserved 1062912K
  class space    used 2063K, capacity 2190K, committed 2304K, reserved 1048576K
}

Deoptimization events (10 events):
Event: 1.582 Thread 0x00000000010ae000 Uncommon trap: reason=unstable_if action=reinterpret pc=0x0000000002cdf1ac method=java.io.WinNTFileSystem.normalize(Ljava/lang/String;)Ljava/lang/String; @ 128
Event: 1.582 Thread 0x00000000010ae000 Uncommon trap: reason=unstable_if action=reinterpret pc=0x0000000002d1c760 method=java.io.WinNTFileSystem.normalize(Ljava/lang/String;II)Ljava/lang/String; @ 90
Event: 1.999 Thread 0x0000000019329800 Uncommon trap: reason=unstable_if action=reinterpret pc=0x0000000002d8aee0 method=java.util.concurrent.ConcurrentHashMap.putVal(Ljava/lang/Object;Ljava/lang/Object;Z)Ljava/lang/Object; @ 206
Event: 2.076 Thread 0x00000000193bc000 Uncommon trap: reason=bimorphic action=maybe_recompile pc=0x0000000002d2e7a8 method=java.util.HashMap.putVal(ILjava/lang/Object;Ljava/lang/Object;ZZ)Ljava/lang/Object; @ 253
Event: 2.076 Thread 0x00000000193bc000 Uncommon trap: reason=bimorphic action=maybe_recompile pc=0x0000000002d2e7a8 method=java.util.HashMap.putVal(ILjava/lang/Object;Ljava/lang/Object;ZZ)Ljava/lang/Object; @ 253
Event: 2.076 Thread 0x00000000193bc000 Uncommon trap: reason=bimorphic action=maybe_recompile pc=0x0000000002d2e7a8 method=java.util.HashMap.putVal(ILjava/lang/Object;Ljava/lang/Object;ZZ)Ljava/lang/Object; @ 253
Event: 2.092 Thread 0x00000000193bc000 Uncommon trap: reason=class_check action=maybe_recompile pc=0x0000000002ca4a98 method=java.util.regex.Matcher.match(II)Z @ 86
Event: 2.320 Thread 0x00000000193bc000 Uncommon trap: reason=class_check action=maybe_recompile pc=0x0000000002ca4a98 method=java.util.regex.Matcher.match(II)Z @ 86
Event: 2.320 Thread 0x00000000193bc000 Uncommon trap: reason=class_check action=maybe_recompile pc=0x0000000002c7c85c method=java.util.regex.Matcher.match(II)Z @ 86
Event: 2.386 Thread 0x00000000193bc000 Uncommon trap: reason=unstable_if action=reinterpret pc=0x0000000002e4b2f4 method=java.lang.String.lastIndexOf([CII[CIII)I @ 66

Internal exceptions (10 events):
Event: 2.015 Thread 0x0000000019329800 Exception <a 'java/lang/NoSuchMethodError': <clinit>> (0x00000000e014e530) thrown at [C:\re\workspace\8-2-build-windows-amd64-cygwin\jdk8u101\7261\hotspot\src\share\vm\prims\jni.cpp, line 1613]
Event: 2.015 Thread 0x0000000019329800 Exception <a 'java/lang/NoSuchMethodError': <clinit>> (0x00000000e0156ff8) thrown at [C:\re\workspace\8-2-build-windows-amd64-cygwin\jdk8u101\7261\hotspot\src\share\vm\prims\jni.cpp, line 1613]
Event: 2.016 Thread 0x0000000019329800 Exception <a 'java/lang/NoSuchMethodError': <clinit>> (0x00000000e0168728) thrown at [C:\re\workspace\8-2-build-windows-amd64-cygwin\jdk8u101\7261\hotspot\src\share\vm\prims\jni.cpp, line 1613]
Event: 2.027 Thread 0x0000000019329800 Exception <a 'java/lang/NoSuchMethodError': <clinit>> (0x00000000e01cd8b8) thrown at [C:\re\workspace\8-2-build-windows-amd64-cygwin\jdk8u101\7261\hotspot\src\share\vm\prims\jni.cpp, line 1613]
Event: 2.030 Thread 0x0000000019329800 Exception <a 'java/lang/NoSuchMethodError': <clinit>> (0x00000000e01f0f90) thrown at [C:\re\workspace\8-2-build-windows-amd64-cygwin\jdk8u101\7261\hotspot\src\share\vm\prims\jni.cpp, line 1613]
Event: 2.034 Thread 0x0000000019329800 Exception <a 'java/lang/NoSuchMethodError': <clinit>> (0x00000000e021a8e8) thrown at [C:\re\workspace\8-2-build-windows-amd64-cygwin\jdk8u101\7261\hotspot\src\share\vm\prims\jni.cpp, line 1613]
Event: 2.035 Thread 0x0000000019329800 Exception <a 'java/lang/NoSuchMethodError': <clinit>> (0x00000000e02284a0) thrown at [C:\re\workspace\8-2-build-windows-amd64-cygwin\jdk8u101\7261\hotspot\src\share\vm\prims\jni.cpp, line 1613]
Event: 2.038 Thread 0x0000000019329800 Exception <a 'java/lang/NoSuchMethodError': <clinit>> (0x00000000e024cdd0) thrown at [C:\re\workspace\8-2-build-windows-amd64-cygwin\jdk8u101\7261\hotspot\src\share\vm\prims\jni.cpp, line 1613]
Event: 2.064 Thread 0x00000000193bc000 Exception <a 'java/lang/NoSuchMethodError': <clinit>> (0x00000000e03b2180) thrown at [C:\re\workspace\8-2-build-windows-amd64-cygwin\jdk8u101\7261\hotspot\src\share\vm\prims\jni.cpp, line 1613]
Event: 2.065 Thread 0x00000000193bc000 Exception <a 'java/lang/NoSuchMethodError': <clinit>> (0x00000000e03ba408) thrown at [C:\re\workspace\8-2-build-windows-amd64-cygwin\jdk8u101\7261\hotspot\src\share\vm\prims\jni.cpp, line 1613]

Events (10 events):
Event: 2.601 loading class org/apache/http/client/methods/HttpExecutionAware
Event: 2.601 loading class org/apache/http/client/methods/HttpExecutionAware done
Event: 2.602 loading class org/apache/http/client/methods/AbortableHttpRequest
Event: 2.602 loading class org/apache/http/client/methods/AbortableHttpRequest done
Event: 2.602 loading class org/apache/http/message/AbstractHttpMessage
Event: 2.602 loading class org/apache/http/message/AbstractHttpMessage done
Event: 2.602 loading class org/apache/http/client/methods/HttpGet
Event: 2.602 loading class org/apache/http/client/methods/HttpGet done
Event: 2.603 loading class org/apache/http/client/methods/HttpHead
Event: 2.603 loading class org/apache/http/client/methods/HttpHead done


Dynamic libraries:
0x00007ff68a820000 - 0x00007ff68a857000 	C:\Program Files\Java\jdk1.8.0_101\bin\java.exe
0x00007ffa07590000 - 0x00007ffa07771000 	C:\WINDOWS\SYSTEM32\ntdll.dll
0x00007ffa04cf0000 - 0x00007ffa04da2000 	C:\WINDOWS\System32\KERNEL32.DLL
0x00007ffa03b00000 - 0x00007ffa03d73000 	C:\WINDOWS\System32\KERNELBASE.dll
0x00007ffa06260000 - 0x00007ffa06301000 	C:\WINDOWS\System32\ADVAPI32.dll
0x00007ffa066f0000 - 0x00007ffa0678e000 	C:\WINDOWS\System32\msvcrt.dll
0x00007ffa06310000 - 0x00007ffa0636b000 	C:\WINDOWS\System32\sechost.dll
0x00007ffa07430000 - 0x00007ffa07554000 	C:\WINDOWS\System32\RPCRT4.dll
0x00007ffa04a20000 - 0x00007ffa04bb0000 	C:\WINDOWS\System32\USER32.dll
0x00007ffa04020000 - 0x00007ffa04040000 	C:\WINDOWS\System32\win32u.dll
0x00007ffa04cc0000 - 0x00007ffa04ce8000 	C:\WINDOWS\System32\GDI32.dll
0x00007ffa04170000 - 0x00007ffa04302000 	C:\WINDOWS\System32\gdi32full.dll
0x00007ffa03960000 - 0x00007ffa039ff000 	C:\WINDOWS\System32\msvcp_win.dll
0x00007ffa03a00000 - 0x00007ffa03afa000 	C:\WINDOWS\System32\ucrtbase.dll
0x00007ff9f59a0000 - 0x00007ff9f5c09000 	C:\WINDOWS\WinSxS\amd64_microsoft.windows.common-controls_6595b64144ccf1df_6.0.17134.228_none_fb4599993062b194\COMCTL32.dll
0x00007ffa06880000 - 0x00007ffa06ba3000 	C:\WINDOWS\System32\combase.dll
0x00007ffa040f0000 - 0x00007ffa0416a000 	C:\WINDOWS\System32\bcryptPrimitives.dll
0x00007ffa06bb0000 - 0x00007ffa06bdd000 	C:\WINDOWS\System32\IMM32.DLL
0x000000006b200000 - 0x000000006b2d2000 	C:\Program Files\Java\jdk1.8.0_101\jre\bin\msvcr100.dll
0x0000000068a60000 - 0x00000000692fa000 	C:\Program Files\Java\jdk1.8.0_101\jre\bin\server\jvm.dll
0x00007ffa07330000 - 0x00007ffa07338000 	C:\WINDOWS\System32\PSAPI.DLL
0x00007ffa01380000 - 0x00007ffa013a3000 	C:\WINDOWS\SYSTEM32\WINMM.dll
0x00007ff9fb950000 - 0x00007ff9fb95a000 	C:\WINDOWS\SYSTEM32\VERSION.dll
0x00007ff9f4a20000 - 0x00007ff9f4a29000 	C:\WINDOWS\SYSTEM32\WSOCK32.dll
0x00007ffa073c0000 - 0x00007ffa0742c000 	C:\WINDOWS\System32\WS2_32.dll
0x00007ffa01350000 - 0x00007ffa0137a000 	C:\WINDOWS\SYSTEM32\winmmbase.dll
0x00007ffa03de0000 - 0x00007ffa03e29000 	C:\WINDOWS\System32\cfgmgr32.dll
0x000000006b1f0000 - 0x000000006b1ff000 	C:\Program Files\Java\jdk1.8.0_101\jre\bin\verify.dll
0x000000006b1c0000 - 0x000000006b1e9000 	C:\Program Files\Java\jdk1.8.0_101\jre\bin\java.dll
0x000000006afd0000 - 0x000000006afe6000 	C:\Program Files\Java\jdk1.8.0_101\jre\bin\zip.dll
0x00007ffa04db0000 - 0x00007ffa061f0000 	C:\WINDOWS\System32\SHELL32.dll
0x00007ffa04c10000 - 0x00007ffa04cb9000 	C:\WINDOWS\System32\shcore.dll
0x00007ffa04310000 - 0x00007ffa04a1d000 	C:\WINDOWS\System32\windows.storage.dll
0x00007ffa04bb0000 - 0x00007ffa04c01000 	C:\WINDOWS\System32\shlwapi.dll
0x00007ffa038a0000 - 0x00007ffa038b1000 	C:\WINDOWS\System32\kernel.appcore.dll
0x00007ffa03940000 - 0x00007ffa0395f000 	C:\WINDOWS\System32\profapi.dll
0x00007ffa038c0000 - 0x00007ffa0390c000 	C:\WINDOWS\System32\powrprof.dll
0x00007ffa03930000 - 0x00007ffa0393a000 	C:\WINDOWS\System32\FLTLIB.DLL
0x000000006afb0000 - 0x000000006afca000 	C:\Program Files\Java\jdk1.8.0_101\jre\bin\net.dll
0x00007ffa03120000 - 0x00007ffa03186000 	C:\WINDOWS\system32\mswsock.dll
0x0000000068a40000 - 0x0000000068a51000 	C:\Program Files\Java\jdk1.8.0_101\jre\bin\nio.dll
0x00007ff9fa300000 - 0x00007ff9fa31e000 	C:\Users\Willian\.gradle\native\25\windows-amd64\native-platform.dll
0x000000006b1b0000 - 0x000000006b1bd000 	C:\Program Files\Java\jdk1.8.0_101\jre\bin\management.dll
0x00007ffa032d0000 - 0x00007ffa032e7000 	C:\WINDOWS\SYSTEM32\CRYPTSP.dll
0x00007ffa02d00000 - 0x00007ffa02d33000 	C:\WINDOWS\system32\rsaenh.dll
0x00007ffa03400000 - 0x00007ffa03425000 	C:\WINDOWS\SYSTEM32\bcrypt.dll
0x00007ffa037d0000 - 0x00007ffa037f8000 	C:\WINDOWS\SYSTEM32\USERENV.dll
0x00007ffa032f0000 - 0x00007ffa032fb000 	C:\WINDOWS\SYSTEM32\CRYPTBASE.dll
0x00007ffa02ea0000 - 0x00007ffa02ed8000 	C:\WINDOWS\SYSTEM32\IPHLPAPI.DLL
0x00007ffa06250000 - 0x00007ffa06258000 	C:\WINDOWS\System32\NSI.dll
0x00007ff9fb2c0000 - 0x00007ff9fb2d6000 	C:\WINDOWS\SYSTEM32\dhcpcsvc6.DLL
0x00007ff9fb370000 - 0x00007ff9fb38a000 	C:\WINDOWS\SYSTEM32\dhcpcsvc.DLL

VM Arguments:
jvm_args: -Xmx1536m -Dfile.encoding=windows-1252 -Duser.country=BR -Duser.language=pt -Duser.variant 
java_command: org.gradle.launcher.daemon.bootstrap.GradleDaemon 4.4
java_class_path (initial): C:\Users\Willian\.gradle\wrapper\dists\gradle-4.4-all\9br9xq1tocpiv8o6njlyu5op1\gradle-4.4\lib\gradle-launcher-4.4.jar
Launcher Type: SUN_STANDARD

Environment Variables:
PATH=C:\Program Files (x86)\Common Files\Oracle\Java\javapath;C:\ProgramData\Oracle\Java\javapath;C:\Program Files (x86)\NVIDIA Corporation\PhysX\Common;C:\Program Files (x86)\Intel\iCLS Client\;C:\Program Files\Intel\iCLS Client\;C:\WINDOWS\system32;C:\WINDOWS;C:\WINDOWS\System32\Wbem;C:\WINDOWS\System32\WindowsPowerShell\v1.0\;C:\Program Files (x86)\Intel\Intel(R) Management Engine Components\DAL;C:\Program Files\Intel\Intel(R) Management Engine Components\DAL;C:\Program Files (x86)\Intel\Intel(R) Management Engine Components\IPT;C:\Program Files\Intel\Intel(R) Management Engine Components\IPT;c:\Program Files (x86)\ATI Technologies\ATI.ACE\Core-Static;C:\WINDOWS\system32\config\systemprofile\.dnx\bin;C:\Program Files\Microsoft DNX\Dnvm\;C:\Program Files\Microsoft SQL Server\130\Tools\Binn\;C:\Program Files\Common Files\Autodesk Shared\;C:\Program Files (x86)\Autodesk\Backburner\;C:\Program Files\Java\jdk1.7.0_79\bin;C:\Program Files (x86)\GtkSharp\2.12\bin;C:\Program Files\Git\cmd;C:\Program Files\Intel\WiFi\bin\;C:\Program Files\Common Files\Intel\WirelessCommon\;C:\WINDOWS\System32\OpenSSH\;C:\Users\Willian\AppData\Local\Microsoft\WindowsApps;
USERNAME=Willian
OS=Windows_NT
PROCESSOR_IDENTIFIER=Intel64 Family 6 Model 61 Stepping 4, GenuineIntel



---------------  S Y S T E M  ---------------

OS: Windows 10.0 , 64 bit Build 17134 (10.0.17134.1)

CPU:total 4 (2 cores per cpu, 2 threads per core) family 6 model 61 stepping 4, cmov, cx8, fxsr, mmx, sse, sse2, sse3, ssse3, sse4.1, sse4.2, popcnt, avx, avx2, aes, clmul, erms, 3dnowpref, lzcnt, ht, tsc, tscinvbit, bmi1, bmi2, adx

Memory: 4k page, physical 8301016k(886544k free), swap 8301016k(4156k free)

vm_info: Java HotSpot(TM) 64-Bit Server VM (25.101-b13) for windows-amd64 JRE (1.8.0_101-b13), built on Jun 22 2016 01:21:29 by "java_re" with MS VC++ 10.0 (VS2010)

time: Thu Sep 13 23:28:50 2018
elapsed time: 2 seconds (0d 0h 0m 2s)

