#
# There is insufficient memory for the Java Runtime Environment to continue.
# Native memory allocation (malloc) failed to allocate 32744 bytes for ChunkPool::allocate
# Possible reasons:
#   The system is out of physical RAM or swap space
#   In 32 bit mode, the process size limit was hit
# Possible solutions:
#   Reduce memory load on the system
#   Increase physical memory or swap space
#   Check if swap backing store is full
#   Use 64 bit Java on a 64 bit OS
#   Decrease Java heap size (-Xmx/-Xms)
#   Decrease number of Java threads
#   Decrease Java thread stack sizes (-Xss)
#   Set larger code cache with -XX:ReservedCodeCacheSize=
# This output file may be truncated or incomplete.
#
#  Out of Memory Error (allocation.cpp:273), pid=13180, tid=0x000000000000336c
#
# JRE version: Java(TM) SE Runtime Environment (8.0_101-b13) (build 1.8.0_101-b13)
# Java VM: Java HotSpot(TM) 64-Bit Server VM (25.101-b13 mixed mode windows-amd64 compressed oops)
# Failed to write core dump. Minidumps are not enabled by default on client versions of Windows
#

---------------  T H R E A D  ---------------

Current thread (0x0000000016bfa000):  JavaThread "C1 CompilerThread2" daemon [_thread_in_native, id=13164, stack(0x0000000018460000,0x0000000018560000)]

Stack: [0x0000000018460000,0x0000000018560000]
[error occurred during error reporting (printing stack bounds), id 0xc0000005]

Native frames: (J=compiled Java code, j=interpreted, Vv=VM code, C=native code)


Current CompileTask:
C1:   2666 1347       3       java.lang.String::split (326 bytes)


---------------  P R O C E S S  ---------------

Java Threads: ( => current thread )
  0x0000000019b38800 JavaThread "File lock request listener" [_thread_in_native, id=756, stack(0x000000001b7c0000,0x000000001b8c0000)]
  0x0000000019b37000 JavaThread "Cache worker for file hash cache (C:\Users\Willian\.gradle\caches\4.4\fileHashes)" [_thread_blocked, id=5468, stack(0x000000001b6c0000,0x000000001b7c0000)]
  0x0000000019aef000 JavaThread "Stdin handler" [_thread_blocked, id=11308, stack(0x000000001b3c0000,0x000000001b4c0000)]
  0x0000000019aed000 JavaThread "Asynchronous log dispatcher for DefaultDaemonConnection: socket connection from /127.0.0.1:53613 to /127.0.0.1:53614" [_thread_blocked, id=7156, stack(0x000000001b2c0000,0x000000001b3c0000)]
  0x0000000019b6b000 JavaThread "Daemon worker" [_thread_in_Java, id=6200, stack(0x000000001b1c0000,0x000000001b2c0000)]
  0x0000000019b09000 JavaThread "Cancel handler" [_thread_blocked, id=4132, stack(0x000000001b0c0000,0x000000001b1c0000)]
  0x0000000019869800 JavaThread "Handler for socket connection from /127.0.0.1:53613 to /127.0.0.1:53614" [_thread_in_native, id=1420, stack(0x000000001adc0000,0x000000001aec0000)]
  0x0000000019868800 JavaThread "Daemon" [_thread_blocked, id=12540, stack(0x000000001acc0000,0x000000001adc0000)]
  0x0000000019845800 JavaThread "Daemon periodic checks" [_thread_blocked, id=11368, stack(0x000000001abc0000,0x000000001acc0000)]
  0x0000000019a09000 JavaThread "Incoming local TCP Connector on port 53613" [_thread_in_native, id=4536, stack(0x000000001a970000,0x000000001aa70000)]
  0x00000000197c3000 JavaThread "Daemon health stats" [_thread_blocked, id=12088, stack(0x000000001a330000,0x000000001a430000)]
  0x0000000018580800 JavaThread "Service Thread" daemon [_thread_blocked, id=6020, stack(0x0000000018960000,0x0000000018a60000)]
=>0x0000000016bfa000 JavaThread "C1 CompilerThread2" daemon [_thread_in_native, id=13164, stack(0x0000000018460000,0x0000000018560000)]
  0x0000000016bf3800 JavaThread "C2 CompilerThread1" daemon [_thread_in_native, id=1748, stack(0x0000000018360000,0x0000000018460000)]
  0x0000000016bee000 JavaThread "C2 CompilerThread0" daemon [_thread_blocked, id=1108, stack(0x0000000018260000,0x0000000018360000)]
  0x0000000016bed000 JavaThread "Attach Listener" daemon [_thread_blocked, id=2812, stack(0x0000000018160000,0x0000000018260000)]
  0x0000000016bea000 JavaThread "Signal Dispatcher" daemon [_thread_blocked, id=7832, stack(0x0000000018060000,0x0000000018160000)]
  0x000000000318a000 JavaThread "Finalizer" daemon [_thread_blocked, id=13064, stack(0x0000000017e50000,0x0000000017f50000)]
  0x000000000317f800 JavaThread "Reference Handler" daemon [_thread_blocked, id=11520, stack(0x0000000017d50000,0x0000000017e50000)]
  0x000000000327e000 JavaThread "main" [_thread_blocked, id=12568, stack(0x0000000002ec0000,0x0000000002fc0000)]

Other Threads:
  0x0000000016bb8000 VMThread [stack: 0x0000000017c50000,0x0000000017d50000] [id=8832]
  0x00000000185a7000 WatcherThread [stack: 0x0000000018a60000,0x0000000018b60000] [id=12080]

VM state:not at safepoint (normal execution)

VM Mutex/Monitor currently owned by a thread:  ([mutex/lock_event])
[0x0000000003090950] MethodCompileQueue_lock - owner thread: 0x0000000000000000

Heap:
 PSYoungGen      total 38400K, used 7847K [0x00000000e0000000, 0x00000000e2a80000, 0x0000000100000000)
  eden space 33280K, 8% used [0x00000000e0000000,0x00000000e02ae098,0x00000000e2080000)
  from space 5120K, 99% used [0x00000000e2080000,0x00000000e257bd28,0x00000000e2580000)
  to   space 5120K, 0% used [0x00000000e2580000,0x00000000e2580000,0x00000000e2a80000)
 ParOldGen       total 87552K, used 2276K [0x00000000a0000000, 0x00000000a5580000, 0x00000000e0000000)
  object space 87552K, 2% used [0x00000000a0000000,0x00000000a0239328,0x00000000a5580000)
 Metaspace       used 14687K, capacity 15062K, committed 15360K, reserved 1062912K
  class space    used 2112K, capacity 2247K, committed 2304K, reserved 1048576K

Card table byte_map: [0x0000000012640000,0x0000000012950000] byte_map_base: 0x0000000012140000

Marking Bits: (ParMarkBitMap*) 0x000000006927a6d0
 Begin Bits: [0x0000000012f50000, 0x0000000014750000)
 End Bits:   [0x0000000014750000, 0x0000000015f50000)

Polling page: 0x0000000000ff0000

CodeCache: size=245760Kb used=4588Kb max_used=4599Kb free=241171Kb
 bounds [0x0000000003280000, 0x0000000003710000, 0x0000000012280000]
 total_blobs=1717 nmethods=1345 adapters=284
 compilation: enabled

Compilation events (10 events):
Event: 2.660 Thread 0x0000000016bfa000 1343       3       com.google.common.io.LineReader::readLine (105 bytes)
Event: 2.661 Thread 0x0000000016bfa000 nmethod 1343 0x00000000036fbd10 code [0x00000000036fbf20, 0x00000000036fca38]
Event: 2.661 Thread 0x0000000016bfa000 1342       3       java.util.LinkedList::unlinkFirst (64 bytes)
Event: 2.661 Thread 0x0000000016bfa000 nmethod 1342 0x00000000036fcdd0 code [0x00000000036fcf20, 0x00000000036fd150]
Event: 2.661 Thread 0x0000000016bfa000 1345       3       com.google.common.base.CharMatcher::indexIn (48 bytes)
Event: 2.662 Thread 0x0000000016bfa000 nmethod 1345 0x00000000036fd210 code [0x00000000036fd3e0, 0x00000000036fdae8]
Event: 2.662 Thread 0x0000000016bfa000 1344       1       com.google.common.base.CharMatcher$8::matches (2 bytes)
Event: 2.662 Thread 0x0000000016bfa000 nmethod 1344 0x00000000036fde10 code [0x00000000036fdf60, 0x00000000036fe070]
Event: 2.662 Thread 0x0000000016bfa000 1347       3       java.lang.String::split (326 bytes)
Event: 2.662 Thread 0x0000000016bee000 1353       4       com.google.common.base.CharMatcher$9::matches (14 bytes)

GC Heap History (6 events):
Event: 1.307 GC heap before
{Heap before GC invocations=1 (full 0):
 PSYoungGen      total 38400K, used 33280K [0x00000000e0000000, 0x00000000e2a80000, 0x0000000100000000)
  eden space 33280K, 100% used [0x00000000e0000000,0x00000000e2080000,0x00000000e2080000)
  from space 5120K, 0% used [0x00000000e2580000,0x00000000e2580000,0x00000000e2a80000)
  to   space 5120K, 0% used [0x00000000e2080000,0x00000000e2080000,0x00000000e2580000)
 ParOldGen       total 87552K, used 0K [0x00000000a0000000, 0x00000000a5580000, 0x00000000e0000000)
  object space 87552K, 0% used [0x00000000a0000000,0x00000000a0000000,0x00000000a5580000)
 Metaspace       used 6792K, capacity 7002K, committed 7168K, reserved 1056768K
  class space    used 852K, capacity 911K, committed 1024K, reserved 1048576K
Event: 1.316 GC heap after
Heap after GC invocations=1 (full 0):
 PSYoungGen      total 38400K, used 4160K [0x00000000e0000000, 0x00000000e2a80000, 0x0000000100000000)
  eden space 33280K, 0% used [0x00000000e0000000,0x00000000e0000000,0x00000000e2080000)
  from space 5120K, 81% used [0x00000000e2080000,0x00000000e2490308,0x00000000e2580000)
  to   space 5120K, 0% used [0x00000000e2580000,0x00000000e2580000,0x00000000e2a80000)
 ParOldGen       total 87552K, used 8K [0x00000000a0000000, 0x00000000a5580000, 0x00000000e0000000)
  object space 87552K, 0% used [0x00000000a0000000,0x00000000a0002000,0x00000000a5580000)
 Metaspace       used 6792K, capacity 7002K, committed 7168K, reserved 1056768K
  class space    used 852K, capacity 911K, committed 1024K, reserved 1048576K
}
Event: 2.245 GC heap before
{Heap before GC invocations=2 (full 0):
 PSYoungGen      total 38400K, used 37440K [0x00000000e0000000, 0x00000000e2a80000, 0x0000000100000000)
  eden space 33280K, 100% used [0x00000000e0000000,0x00000000e2080000,0x00000000e2080000)
  from space 5120K, 81% used [0x00000000e2080000,0x00000000e2490308,0x00000000e2580000)
  to   space 5120K, 0% used [0x00000000e2580000,0x00000000e2580000,0x00000000e2a80000)
 ParOldGen       total 87552K, used 8K [0x00000000a0000000, 0x00000000a5580000, 0x00000000e0000000)
  object space 87552K, 0% used [0x00000000a0000000,0x00000000a0002000,0x00000000a5580000)
 Metaspace       used 11298K, capacity 11626K, committed 11904K, reserved 1058816K
  class space    used 1539K, capacity 1661K, committed 1664K, reserved 1048576K
Event: 2.252 GC heap after
Heap after GC invocations=2 (full 0):
 PSYoungGen      total 38400K, used 5101K [0x00000000e0000000, 0x00000000e2a80000, 0x0000000100000000)
  eden space 33280K, 0% used [0x00000000e0000000,0x00000000e0000000,0x00000000e2080000)
  from space 5120K, 99% used [0x00000000e2580000,0x00000000e2a7b5a0,0x00000000e2a80000)
  to   space 5120K, 0% used [0x00000000e2080000,0x00000000e2080000,0x00000000e2580000)
 ParOldGen       total 87552K, used 377K [0x00000000a0000000, 0x00000000a5580000, 0x00000000e0000000)
  object space 87552K, 0% used [0x00000000a0000000,0x00000000a005e720,0x00000000a5580000)
 Metaspace       used 11298K, capacity 11626K, committed 11904K, reserved 1058816K
  class space    used 1539K, capacity 1661K, committed 1664K, reserved 1048576K
}
Event: 2.620 GC heap before
{Heap before GC invocations=3 (full 0):
 PSYoungGen      total 38400K, used 38381K [0x00000000e0000000, 0x00000000e2a80000, 0x0000000100000000)
  eden space 33280K, 100% used [0x00000000e0000000,0x00000000e2080000,0x00000000e2080000)
  from space 5120K, 99% used [0x00000000e2580000,0x00000000e2a7b5a0,0x00000000e2a80000)
  to   space 5120K, 0% used [0x00000000e2080000,0x00000000e2080000,0x00000000e2580000)
 ParOldGen       total 87552K, used 377K [0x00000000a0000000, 0x00000000a5580000, 0x00000000e0000000)
  object space 87552K, 0% used [0x00000000a0000000,0x00000000a005e720,0x00000000a5580000)
 Metaspace       used 14389K, capacity 14742K, committed 15104K, reserved 1062912K
  class space    used 2064K, capacity 2183K, committed 2304K, reserved 1048576K
Event: 2.630 GC heap after
Heap after GC invocations=3 (full 0):
 PSYoungGen      total 38400K, used 5103K [0x00000000e0000000, 0x00000000e2a80000, 0x0000000100000000)
  eden space 33280K, 0% used [0x00000000e0000000,0x00000000e0000000,0x00000000e2080000)
  from space 5120K, 99% used [0x00000000e2080000,0x00000000e257bd28,0x00000000e2580000)
  to   space 5120K, 0% used [0x00000000e2580000,0x00000000e2580000,0x00000000e2a80000)
 ParOldGen       total 87552K, used 2276K [0x00000000a0000000, 0x00000000a5580000, 0x00000000e0000000)
  object space 87552K, 2% used [0x00000000a0000000,0x00000000a0239328,0x00000000a5580000)
 Metaspace       used 14389K, capacity 14742K, committed 15104K, reserved 1062912K
  class space    used 2064K, capacity 2183K, committed 2304K, reserved 1048576K
}

Deoptimization events (10 events):
Event: 1.838 Thread 0x000000000327e000 Uncommon trap: reason=unstable_if action=reinterpret pc=0x00000000035316f4 method=java.io.WinNTFileSystem.normalize(Ljava/lang/String;)Ljava/lang/String; @ 128
Event: 1.838 Thread 0x000000000327e000 Uncommon trap: reason=unstable_if action=reinterpret pc=0x0000000003597738 method=java.io.WinNTFileSystem.normalize(Ljava/lang/String;II)Ljava/lang/String; @ 90
Event: 2.258 Thread 0x0000000019869800 Uncommon trap: reason=unstable_if action=reinterpret pc=0x000000000360a8a0 method=java.util.concurrent.ConcurrentHashMap.putVal(Ljava/lang/Object;Ljava/lang/Object;Z)Ljava/lang/Object; @ 206
Event: 2.321 Thread 0x0000000019b6b000 Uncommon trap: reason=bimorphic action=maybe_recompile pc=0x00000000035ad7f8 method=java.util.HashMap.putVal(ILjava/lang/Object;Ljava/lang/Object;ZZ)Ljava/lang/Object; @ 253
Event: 2.321 Thread 0x0000000019b6b000 Uncommon trap: reason=bimorphic action=maybe_recompile pc=0x00000000035ad7f8 method=java.util.HashMap.putVal(ILjava/lang/Object;Ljava/lang/Object;ZZ)Ljava/lang/Object; @ 253
Event: 2.321 Thread 0x0000000019b6b000 Uncommon trap: reason=bimorphic action=maybe_recompile pc=0x00000000035ad7f8 method=java.util.HashMap.putVal(ILjava/lang/Object;Ljava/lang/Object;ZZ)Ljava/lang/Object; @ 253
Event: 2.335 Thread 0x0000000019b6b000 Uncommon trap: reason=class_check action=maybe_recompile pc=0x000000000351fb98 method=java.util.regex.Matcher.match(II)Z @ 86
Event: 2.562 Thread 0x0000000019b6b000 Uncommon trap: reason=class_check action=maybe_recompile pc=0x000000000351fb98 method=java.util.regex.Matcher.match(II)Z @ 86
Event: 2.562 Thread 0x0000000019b6b000 Uncommon trap: reason=class_check action=maybe_recompile pc=0x00000000034eac1c method=java.util.regex.Matcher.match(II)Z @ 86
Event: 2.634 Thread 0x0000000019b6b000 Uncommon trap: reason=unstable_if action=reinterpret pc=0x00000000036c70b4 method=java.lang.String.lastIndexOf([CII[CIII)I @ 66

Internal exceptions (10 events):
Event: 2.268 Thread 0x0000000019869800 Exception <a 'java/lang/NoSuchMethodError': <clinit>> (0x00000000e00a0110) thrown at [C:\re\workspace\8-2-build-windows-amd64-cygwin\jdk8u101\7261\hotspot\src\share\vm\prims\jni.cpp, line 1613]
Event: 2.269 Thread 0x0000000019869800 Exception <a 'java/lang/NoSuchMethodError': <clinit>> (0x00000000e00a9768) thrown at [C:\re\workspace\8-2-build-windows-amd64-cygwin\jdk8u101\7261\hotspot\src\share\vm\prims\jni.cpp, line 1613]
Event: 2.270 Thread 0x0000000019869800 Exception <a 'java/lang/NoSuchMethodError': <clinit>> (0x00000000e00b3da8) thrown at [C:\re\workspace\8-2-build-windows-amd64-cygwin\jdk8u101\7261\hotspot\src\share\vm\prims\jni.cpp, line 1613]
Event: 2.276 Thread 0x0000000019869800 Exception <a 'java/lang/NoSuchMethodError': <clinit>> (0x00000000e010b250) thrown at [C:\re\workspace\8-2-build-windows-amd64-cygwin\jdk8u101\7261\hotspot\src\share\vm\prims\jni.cpp, line 1613]
Event: 2.279 Thread 0x0000000019869800 Exception <a 'java/lang/NoSuchMethodError': <clinit>> (0x00000000e0139bc0) thrown at [C:\re\workspace\8-2-build-windows-amd64-cygwin\jdk8u101\7261\hotspot\src\share\vm\prims\jni.cpp, line 1613]
Event: 2.284 Thread 0x0000000019869800 Exception <a 'java/lang/NoSuchMethodError': <clinit>> (0x00000000e016f938) thrown at [C:\re\workspace\8-2-build-windows-amd64-cygwin\jdk8u101\7261\hotspot\src\share\vm\prims\jni.cpp, line 1613]
Event: 2.286 Thread 0x0000000019869800 Exception <a 'java/lang/NoSuchMethodError': <clinit>> (0x00000000e017d570) thrown at [C:\re\workspace\8-2-build-windows-amd64-cygwin\jdk8u101\7261\hotspot\src\share\vm\prims\jni.cpp, line 1613]
Event: 2.290 Thread 0x0000000019869800 Exception <a 'java/lang/NoSuchMethodError': <clinit>> (0x00000000e01a28f0) thrown at [C:\re\workspace\8-2-build-windows-amd64-cygwin\jdk8u101\7261\hotspot\src\share\vm\prims\jni.cpp, line 1613]
Event: 2.313 Thread 0x0000000019b6b000 Exception <a 'java/lang/NoSuchMethodError': <clinit>> (0x00000000e030bde8) thrown at [C:\re\workspace\8-2-build-windows-amd64-cygwin\jdk8u101\7261\hotspot\src\share\vm\prims\jni.cpp, line 1613]
Event: 2.313 Thread 0x0000000019b6b000 Exception <a 'java/lang/NoSuchMethodError': <clinit>> (0x00000000e0314070) thrown at [C:\re\workspace\8-2-build-windows-amd64-cygwin\jdk8u101\7261\hotspot\src\share\vm\prims\jni.cpp, line 1613]

Events (10 events):
Event: 2.657 loading class com/google/common/base/Splitter$SplittingIterator
Event: 2.657 loading class com/google/common/base/Splitter$SplittingIterator done
Event: 2.657 loading class com/google/common/base/AbstractIterator
Event: 2.657 loading class com/google/common/base/AbstractIterator done
Event: 2.657 loading class com/google/common/base/Splitter$1$1
Event: 2.657 loading class com/google/common/base/Splitter$1$1 done
Event: 2.658 loading class com/google/common/base/AbstractIterator$State
Event: 2.658 loading class com/google/common/base/AbstractIterator$State done
Event: 2.658 loading class com/google/common/base/AbstractIterator$1
Event: 2.658 loading class com/google/common/base/AbstractIterator$1 done


Dynamic libraries:
0x00007ff68a820000 - 0x00007ff68a857000 	C:\Program Files\Java\jdk1.8.0_101\bin\java.exe
0x00007ffa07590000 - 0x00007ffa07771000 	C:\WINDOWS\SYSTEM32\ntdll.dll
0x00007ffa04cf0000 - 0x00007ffa04da2000 	C:\WINDOWS\System32\KERNEL32.DLL
0x00007ffa03b00000 - 0x00007ffa03d73000 	C:\WINDOWS\System32\KERNELBASE.dll
0x00007ffa06260000 - 0x00007ffa06301000 	C:\WINDOWS\System32\ADVAPI32.dll
0x00007ffa066f0000 - 0x00007ffa0678e000 	C:\WINDOWS\System32\msvcrt.dll
0x00007ffa06310000 - 0x00007ffa0636b000 	C:\WINDOWS\System32\sechost.dll
0x00007ffa07430000 - 0x00007ffa07554000 	C:\WINDOWS\System32\RPCRT4.dll
0x00007ffa04a20000 - 0x00007ffa04bb0000 	C:\WINDOWS\System32\USER32.dll
0x00007ffa04020000 - 0x00007ffa04040000 	C:\WINDOWS\System32\win32u.dll
0x00007ffa04cc0000 - 0x00007ffa04ce8000 	C:\WINDOWS\System32\GDI32.dll
0x00007ffa04170000 - 0x00007ffa04302000 	C:\WINDOWS\System32\gdi32full.dll
0x00007ffa03960000 - 0x00007ffa039ff000 	C:\WINDOWS\System32\msvcp_win.dll
0x00007ffa03a00000 - 0x00007ffa03afa000 	C:\WINDOWS\System32\ucrtbase.dll
0x00007ff9f59a0000 - 0x00007ff9f5c09000 	C:\WINDOWS\WinSxS\amd64_microsoft.windows.common-controls_6595b64144ccf1df_6.0.17134.228_none_fb4599993062b194\COMCTL32.dll
0x00007ffa06880000 - 0x00007ffa06ba3000 	C:\WINDOWS\System32\combase.dll
0x00007ffa040f0000 - 0x00007ffa0416a000 	C:\WINDOWS\System32\bcryptPrimitives.dll
0x00007ffa06bb0000 - 0x00007ffa06bdd000 	C:\WINDOWS\System32\IMM32.DLL
0x000000006b200000 - 0x000000006b2d2000 	C:\Program Files\Java\jdk1.8.0_101\jre\bin\msvcr100.dll
0x0000000068a60000 - 0x00000000692fa000 	C:\Program Files\Java\jdk1.8.0_101\jre\bin\server\jvm.dll
0x00007ffa07330000 - 0x00007ffa07338000 	C:\WINDOWS\System32\PSAPI.DLL
0x00007ffa01380000 - 0x00007ffa013a3000 	C:\WINDOWS\SYSTEM32\WINMM.dll
0x00007ff9f4a20000 - 0x00007ff9f4a29000 	C:\WINDOWS\SYSTEM32\WSOCK32.dll
0x00007ffa073c0000 - 0x00007ffa0742c000 	C:\WINDOWS\System32\WS2_32.dll
0x00007ff9fb950000 - 0x00007ff9fb95a000 	C:\WINDOWS\SYSTEM32\VERSION.dll
0x00007ffa01350000 - 0x00007ffa0137a000 	C:\WINDOWS\SYSTEM32\WINMMBASE.dll
0x00007ffa03de0000 - 0x00007ffa03e29000 	C:\WINDOWS\System32\cfgmgr32.dll
0x000000006b1f0000 - 0x000000006b1ff000 	C:\Program Files\Java\jdk1.8.0_101\jre\bin\verify.dll
0x000000006b1c0000 - 0x000000006b1e9000 	C:\Program Files\Java\jdk1.8.0_101\jre\bin\java.dll
0x000000006afd0000 - 0x000000006afe6000 	C:\Program Files\Java\jdk1.8.0_101\jre\bin\zip.dll
0x00007ffa04db0000 - 0x00007ffa061f0000 	C:\WINDOWS\System32\SHELL32.dll
0x00007ffa04c10000 - 0x00007ffa04cb9000 	C:\WINDOWS\System32\shcore.dll
0x00007ffa04310000 - 0x00007ffa04a1d000 	C:\WINDOWS\System32\windows.storage.dll
0x00007ffa04bb0000 - 0x00007ffa04c01000 	C:\WINDOWS\System32\shlwapi.dll
0x00007ffa038a0000 - 0x00007ffa038b1000 	C:\WINDOWS\System32\kernel.appcore.dll
0x00007ffa03940000 - 0x00007ffa0395f000 	C:\WINDOWS\System32\profapi.dll
0x00007ffa038c0000 - 0x00007ffa0390c000 	C:\WINDOWS\System32\powrprof.dll
0x00007ffa03930000 - 0x00007ffa0393a000 	C:\WINDOWS\System32\FLTLIB.DLL
0x000000006afb0000 - 0x000000006afca000 	C:\Program Files\Java\jdk1.8.0_101\jre\bin\net.dll
0x00007ffa03120000 - 0x00007ffa03186000 	C:\WINDOWS\system32\mswsock.dll
0x0000000068a40000 - 0x0000000068a51000 	C:\Program Files\Java\jdk1.8.0_101\jre\bin\nio.dll
0x00007ff9fa300000 - 0x00007ff9fa31e000 	C:\Users\Willian\.gradle\native\25\windows-amd64\native-platform.dll
0x000000006b1b0000 - 0x000000006b1bd000 	C:\Program Files\Java\jdk1.8.0_101\jre\bin\management.dll
0x00007ffa032d0000 - 0x00007ffa032e7000 	C:\WINDOWS\SYSTEM32\CRYPTSP.dll
0x00007ffa02d00000 - 0x00007ffa02d33000 	C:\WINDOWS\system32\rsaenh.dll
0x00007ffa03400000 - 0x00007ffa03425000 	C:\WINDOWS\SYSTEM32\bcrypt.dll
0x00007ffa037d0000 - 0x00007ffa037f8000 	C:\WINDOWS\SYSTEM32\USERENV.dll
0x00007ffa032f0000 - 0x00007ffa032fb000 	C:\WINDOWS\SYSTEM32\CRYPTBASE.dll
0x00007ffa02ea0000 - 0x00007ffa02ed8000 	C:\WINDOWS\SYSTEM32\IPHLPAPI.DLL
0x00007ffa06250000 - 0x00007ffa06258000 	C:\WINDOWS\System32\NSI.dll
0x00007ff9fb2c0000 - 0x00007ff9fb2d6000 	C:\WINDOWS\SYSTEM32\dhcpcsvc6.DLL
0x00007ff9fb370000 - 0x00007ff9fb38a000 	C:\WINDOWS\SYSTEM32\dhcpcsvc.DLL

VM Arguments:
jvm_args: -Xmx1536m -Dfile.encoding=windows-1252 -Duser.country=BR -Duser.language=pt -Duser.variant 
java_command: org.gradle.launcher.daemon.bootstrap.GradleDaemon 4.4
java_class_path (initial): C:\Users\Willian\.gradle\wrapper\dists\gradle-4.4-all\9br9xq1tocpiv8o6njlyu5op1\gradle-4.4\lib\gradle-launcher-4.4.jar
Launcher Type: SUN_STANDARD

Environment Variables:
PATH=C:\Program Files (x86)\Common Files\Oracle\Java\javapath;C:\ProgramData\Oracle\Java\javapath;C:\Program Files (x86)\NVIDIA Corporation\PhysX\Common;C:\Program Files (x86)\Intel\iCLS Client\;C:\Program Files\Intel\iCLS Client\;C:\WINDOWS\system32;C:\WINDOWS;C:\WINDOWS\System32\Wbem;C:\WINDOWS\System32\WindowsPowerShell\v1.0\;C:\Program Files (x86)\Intel\Intel(R) Management Engine Components\DAL;C:\Program Files\Intel\Intel(R) Management Engine Components\DAL;C:\Program Files (x86)\Intel\Intel(R) Management Engine Components\IPT;C:\Program Files\Intel\Intel(R) Management Engine Components\IPT;c:\Program Files (x86)\ATI Technologies\ATI.ACE\Core-Static;C:\WINDOWS\system32\config\systemprofile\.dnx\bin;C:\Program Files\Microsoft DNX\Dnvm\;C:\Program Files\Microsoft SQL Server\130\Tools\Binn\;C:\Program Files\Common Files\Autodesk Shared\;C:\Program Files (x86)\Autodesk\Backburner\;C:\Program Files\Java\jdk1.7.0_79\bin;C:\Program Files (x86)\GtkSharp\2.12\bin;C:\Program Files\Git\cmd;C:\Program Files\Intel\WiFi\bin\;C:\Program Files\Common Files\Intel\WirelessCommon\;C:\WINDOWS\System32\OpenSSH\;C:\Users\Willian\AppData\Local\Microsoft\WindowsApps;
USERNAME=Willian
OS=Windows_NT
PROCESSOR_IDENTIFIER=Intel64 Family 6 Model 61 Stepping 4, GenuineIntel



---------------  S Y S T E M  ---------------

OS: Windows 10.0 , 64 bit Build 17134 (10.0.17134.1)

CPU:total 4 (2 cores per cpu, 2 threads per core) family 6 model 61 stepping 4, cmov, cx8, fxsr, mmx, sse, sse2, sse3, ssse3, sse4.1, sse4.2, popcnt, avx, avx2, aes, clmul, erms, 3dnowpref, lzcnt, ht, tsc, tscinvbit, bmi1, bmi2, adx

Memory: 4k page, physical 8301016k(896060k free), swap 8301016k(4100k free)

vm_info: Java HotSpot(TM) 64-Bit Server VM (25.101-b13) for windows-amd64 JRE (1.8.0_101-b13), built on Jun 22 2016 01:21:29 by "java_re" with MS VC++ 10.0 (VS2010)

time: Thu Sep 13 23:28:21 2018
elapsed time: 2 seconds (0d 0h 0m 2s)

