#
# There is insufficient memory for the Java Runtime Environment to continue.
# Native memory allocation (malloc) failed to allocate 1339376 bytes for Chunk::new
# Possible reasons:
#   The system is out of physical RAM or swap space
#   In 32 bit mode, the process size limit was hit
# Possible solutions:
#   Reduce memory load on the system
#   Increase physical memory or swap space
#   Check if swap backing store is full
#   Use 64 bit Java on a 64 bit OS
#   Decrease Java heap size (-Xmx/-Xms)
#   Decrease number of Java threads
#   Decrease Java thread stack sizes (-Xss)
#   Set larger code cache with -XX:ReservedCodeCacheSize=
# This output file may be truncated or incomplete.
#
#  Out of Memory Error (allocation.cpp:390), pid=7652, tid=0x000000000000317c
#
# JRE version: Java(TM) SE Runtime Environment (8.0_101-b13) (build 1.8.0_101-b13)
# Java VM: Java HotSpot(TM) 64-Bit Server VM (25.101-b13 mixed mode windows-amd64 compressed oops)
# Failed to write core dump. Minidumps are not enabled by default on client versions of Windows
#

---------------  T H R E A D  ---------------

Current thread (0x000000001628e800):  JavaThread "C2 CompilerThread0" daemon [_thread_in_native, id=12668, stack(0x0000000017900000,0x0000000017a00000)]

Stack: [0x0000000017900000,0x0000000017a00000]
[error occurred during error reporting (printing stack bounds), id 0xc0000005]

Native frames: (J=compiled Java code, j=interpreted, Vv=VM code, C=native code)


Current CompileTask:
C2:   2553 1328       4       java.net.URLClassLoader$1::run (5 bytes)


---------------  P R O C E S S  ---------------

Java Threads: ( => current thread )
  0x0000000019675800 JavaThread "Cache worker for file hash cache (C:\Users\Willian\Desktop\WillMaterialDesign\.gradle\4.4\fileHashes)" [_thread_blocked, id=13088, stack(0x000000001bf30000,0x000000001c030000)]
  0x0000000019675000 JavaThread "File lock request listener" [_thread_in_native, id=2536, stack(0x000000001ae60000,0x000000001af60000)]
  0x00000000187e5800 JavaThread "Cache worker for file hash cache (C:\Users\Willian\.gradle\caches\4.4\fileHashes)" [_thread_blocked, id=3160, stack(0x000000001ad60000,0x000000001ae60000)]
  0x00000000187e4000 JavaThread "Stdin handler" [_thread_blocked, id=5952, stack(0x000000001aa60000,0x000000001ab60000)]
  0x00000000187e8000 JavaThread "Asynchronous log dispatcher for DefaultDaemonConnection: socket connection from /127.0.0.1:53620 to /127.0.0.1:53621" [_thread_blocked, id=8932, stack(0x000000001a960000,0x000000001aa60000)]
  0x00000000187e7000 JavaThread "Daemon worker" [_thread_in_vm, id=8336, stack(0x000000001a860000,0x000000001a960000)]
  0x00000000187e6800 JavaThread "Cancel handler" [_thread_blocked, id=9308, stack(0x000000001a760000,0x000000001a860000)]
  0x00000000187e9800 JavaThread "Handler for socket connection from /127.0.0.1:53620 to /127.0.0.1:53621" [_thread_in_native, id=12188, stack(0x000000001a460000,0x000000001a560000)]
  0x00000000187ea000 JavaThread "Daemon" [_thread_blocked, id=2716, stack(0x000000001a360000,0x000000001a460000)]
  0x00000000187e8800 JavaThread "Daemon periodic checks" [_thread_blocked, id=7220, stack(0x000000001a260000,0x000000001a360000)]
  0x00000000187e5000 JavaThread "Incoming local TCP Connector on port 53620" [_thread_in_native, id=3352, stack(0x000000001a010000,0x000000001a110000)]
  0x00000000187e3800 JavaThread "Daemon health stats" [_thread_blocked, id=8780, stack(0x00000000199d0000,0x0000000019ad0000)]
  0x0000000017c1b000 JavaThread "Service Thread" daemon [_thread_blocked, id=10844, stack(0x0000000018000000,0x0000000018100000)]
  0x000000001629d000 JavaThread "C1 CompilerThread2" daemon [_thread_blocked, id=448, stack(0x0000000017b00000,0x0000000017c00000)]
  0x0000000016294800 JavaThread "C2 CompilerThread1" daemon [_thread_in_native, id=12760, stack(0x0000000017a00000,0x0000000017b00000)]
=>0x000000001628e800 JavaThread "C2 CompilerThread0" daemon [_thread_in_native, id=12668, stack(0x0000000017900000,0x0000000017a00000)]
  0x000000001628d000 JavaThread "Attach Listener" daemon [_thread_blocked, id=12100, stack(0x0000000017800000,0x0000000017900000)]
  0x000000001628b800 JavaThread "Signal Dispatcher" daemon [_thread_blocked, id=8324, stack(0x0000000017700000,0x0000000017800000)]
  0x000000001627a800 JavaThread "Finalizer" daemon [_thread_blocked, id=3368, stack(0x00000000174f0000,0x00000000175f0000)]
  0x000000000290f800 JavaThread "Reference Handler" daemon [_thread_blocked, id=12032, stack(0x00000000173f0000,0x00000000174f0000)]
  0x000000000271e000 JavaThread "main" [_thread_blocked, id=12804, stack(0x0000000002720000,0x0000000002820000)]

Other Threads:
  0x0000000016258000 VMThread [stack: 0x00000000172f0000,0x00000000173f0000] [id=10376]
  0x0000000017c58800 WatcherThread [stack: 0x0000000018100000,0x0000000018200000] [id=13092]

VM state:not at safepoint (normal execution)

VM Mutex/Monitor currently owned by a thread: None

Heap:
 PSYoungGen      total 38400K, used 14197K [0x00000000e0000000, 0x00000000e2a80000, 0x0000000100000000)
  eden space 33280K, 27% used [0x00000000e0000000,0x00000000e08dee70,0x00000000e2080000)
  from space 5120K, 99% used [0x00000000e2080000,0x00000000e257e8f8,0x00000000e2580000)
  to   space 5120K, 0% used [0x00000000e2580000,0x00000000e2580000,0x00000000e2a80000)
 ParOldGen       total 87552K, used 2417K [0x00000000a0000000, 0x00000000a5580000, 0x00000000e0000000)
  object space 87552K, 2% used [0x00000000a0000000,0x00000000a025c700,0x00000000a5580000)
 Metaspace       used 15362K, capacity 15776K, committed 16000K, reserved 1062912K
  class space    used 2223K, capacity 2350K, committed 2432K, reserved 1048576K

Card table byte_map: [0x0000000011ce0000,0x0000000011ff0000] byte_map_base: 0x00000000117e0000

Marking Bits: (ParMarkBitMap*) 0x000000006927a6d0
 Begin Bits: [0x00000000125f0000, 0x0000000013df0000)
 End Bits:   [0x0000000013df0000, 0x00000000155f0000)

Polling page: 0x0000000000850000

CodeCache: size=245760Kb used=4798Kb max_used=4798Kb free=240961Kb
 bounds [0x0000000002920000, 0x0000000002de0000, 0x0000000011920000]
 total_blobs=1815 nmethods=1439 adapters=288
 compilation: enabled

Compilation events (10 events):
Event: 2.539 Thread 0x000000001629d000 nmethod 1436 0x0000000002dd0750 code [0x0000000002dd08c0, 0x0000000002dd0a48]
Event: 2.539 Thread 0x000000001629d000 1437       1       sun.misc.ProxyGenerator::access$800 (5 bytes)
Event: 2.539 Thread 0x000000001629d000 nmethod 1437 0x0000000002dd0490 code [0x0000000002dd05e0, 0x0000000002dd06d0]
Event: 2.539 Thread 0x000000001629d000 1438       3       java.lang.AbstractStringBuilder::append (62 bytes)
Event: 2.539 Thread 0x000000001629d000 nmethod 1438 0x0000000002dcf810 code [0x0000000002dcf9e0, 0x0000000002dd00c8]
Event: 2.539 Thread 0x000000001629d000 1439       3       java.lang.Class::arrayContentsEq (70 bytes)
Event: 2.540 Thread 0x000000001629d000 nmethod 1439 0x0000000002dcf0d0 code [0x0000000002dcf260, 0x0000000002dcf690]
Event: 2.540 Thread 0x000000001629d000 1440       3       sun.misc.ProxyGenerator::access$700 (7 bytes)
Event: 2.540 Thread 0x000000001629d000 nmethod 1440 0x0000000002dcec50 code [0x0000000002dcedc0, 0x0000000002dcefa8]
Event: 2.542 Thread 0x0000000016294800 1441   !   4       java.net.URLClassLoader$1::run (63 bytes)

GC Heap History (6 events):
Event: 1.067 GC heap before
{Heap before GC invocations=1 (full 0):
 PSYoungGen      total 38400K, used 33280K [0x00000000e0000000, 0x00000000e2a80000, 0x0000000100000000)
  eden space 33280K, 100% used [0x00000000e0000000,0x00000000e2080000,0x00000000e2080000)
  from space 5120K, 0% used [0x00000000e2580000,0x00000000e2580000,0x00000000e2a80000)
  to   space 5120K, 0% used [0x00000000e2080000,0x00000000e2080000,0x00000000e2580000)
 ParOldGen       total 87552K, used 0K [0x00000000a0000000, 0x00000000a5580000, 0x00000000e0000000)
  object space 87552K, 0% used [0x00000000a0000000,0x00000000a0000000,0x00000000a5580000)
 Metaspace       used 6792K, capacity 7002K, committed 7168K, reserved 1056768K
  class space    used 852K, capacity 911K, committed 1024K, reserved 1048576K
Event: 1.076 GC heap after
Heap after GC invocations=1 (full 0):
 PSYoungGen      total 38400K, used 4136K [0x00000000e0000000, 0x00000000e2a80000, 0x0000000100000000)
  eden space 33280K, 0% used [0x00000000e0000000,0x00000000e0000000,0x00000000e2080000)
  from space 5120K, 80% used [0x00000000e2080000,0x00000000e248a088,0x00000000e2580000)
  to   space 5120K, 0% used [0x00000000e2580000,0x00000000e2580000,0x00000000e2a80000)
 ParOldGen       total 87552K, used 8K [0x00000000a0000000, 0x00000000a5580000, 0x00000000e0000000)
  object space 87552K, 0% used [0x00000000a0000000,0x00000000a0002000,0x00000000a5580000)
 Metaspace       used 6792K, capacity 7002K, committed 7168K, reserved 1056768K
  class space    used 852K, capacity 911K, committed 1024K, reserved 1048576K
}
Event: 2.031 GC heap before
{Heap before GC invocations=2 (full 0):
 PSYoungGen      total 38400K, used 37416K [0x00000000e0000000, 0x00000000e2a80000, 0x0000000100000000)
  eden space 33280K, 100% used [0x00000000e0000000,0x00000000e2080000,0x00000000e2080000)
  from space 5120K, 80% used [0x00000000e2080000,0x00000000e248a088,0x00000000e2580000)
  to   space 5120K, 0% used [0x00000000e2580000,0x00000000e2580000,0x00000000e2a80000)
 ParOldGen       total 87552K, used 8K [0x00000000a0000000, 0x00000000a5580000, 0x00000000e0000000)
  object space 87552K, 0% used [0x00000000a0000000,0x00000000a0002000,0x00000000a5580000)
 Metaspace       used 11283K, capacity 11626K, committed 11904K, reserved 1058816K
  class space    used 1537K, capacity 1661K, committed 1664K, reserved 1048576K
Event: 2.038 GC heap after
Heap after GC invocations=2 (full 0):
 PSYoungGen      total 38400K, used 5099K [0x00000000e0000000, 0x00000000e2a80000, 0x0000000100000000)
  eden space 33280K, 0% used [0x00000000e0000000,0x00000000e0000000,0x00000000e2080000)
  from space 5120K, 99% used [0x00000000e2580000,0x00000000e2a7ac58,0x00000000e2a80000)
  to   space 5120K, 0% used [0x00000000e2080000,0x00000000e2080000,0x00000000e2580000)
 ParOldGen       total 87552K, used 420K [0x00000000a0000000, 0x00000000a5580000, 0x00000000e0000000)
  object space 87552K, 0% used [0x00000000a0000000,0x00000000a0069008,0x00000000a5580000)
 Metaspace       used 11283K, capacity 11626K, committed 11904K, reserved 1058816K
  class space    used 1537K, capacity 1661K, committed 1664K, reserved 1048576K
}
Event: 2.410 GC heap before
{Heap before GC invocations=3 (full 0):
 PSYoungGen      total 38400K, used 38379K [0x00000000e0000000, 0x00000000e2a80000, 0x0000000100000000)
  eden space 33280K, 100% used [0x00000000e0000000,0x00000000e2080000,0x00000000e2080000)
  from space 5120K, 99% used [0x00000000e2580000,0x00000000e2a7ac58,0x00000000e2a80000)
  to   space 5120K, 0% used [0x00000000e2080000,0x00000000e2080000,0x00000000e2580000)
 ParOldGen       total 87552K, used 420K [0x00000000a0000000, 0x00000000a5580000, 0x00000000e0000000)
  object space 87552K, 0% used [0x00000000a0000000,0x00000000a0069008,0x00000000a5580000)
 Metaspace       used 14436K, capacity 14784K, committed 15104K, reserved 1062912K
  class space    used 2069K, capacity 2190K, committed 2304K, reserved 1048576K
Event: 2.418 GC heap after
Heap after GC invocations=3 (full 0):
 PSYoungGen      total 38400K, used 5114K [0x00000000e0000000, 0x00000000e2a80000, 0x0000000100000000)
  eden space 33280K, 0% used [0x00000000e0000000,0x00000000e0000000,0x00000000e2080000)
  from space 5120K, 99% used [0x00000000e2080000,0x00000000e257e8f8,0x00000000e2580000)
  to   space 5120K, 0% used [0x00000000e2580000,0x00000000e2580000,0x00000000e2a80000)
 ParOldGen       total 87552K, used 2417K [0x00000000a0000000, 0x00000000a5580000, 0x00000000e0000000)
  object space 87552K, 2% used [0x00000000a0000000,0x00000000a025c700,0x00000000a5580000)
 Metaspace       used 14436K, capacity 14784K, committed 15104K, reserved 1062912K
  class space    used 2069K, capacity 2190K, committed 2304K, reserved 1048576K
}

Deoptimization events (10 events):
Event: 1.413 Thread 0x000000000271e000 Uncommon trap: reason=bimorphic action=maybe_recompile pc=0x0000000002c3ae9c method=java.util.HashMap.putVal(ILjava/lang/Object;Ljava/lang/Object;ZZ)Ljava/lang/Object; @ 203
Event: 1.599 Thread 0x000000000271e000 Uncommon trap: reason=unstable_if action=reinterpret pc=0x0000000002bd46ec method=java.io.WinNTFileSystem.normalize(Ljava/lang/String;)Ljava/lang/String; @ 128
Event: 2.046 Thread 0x00000000187e9800 Uncommon trap: reason=unstable_if action=reinterpret pc=0x0000000002ca1d1c method=java.util.concurrent.ConcurrentHashMap.putVal(Ljava/lang/Object;Ljava/lang/Object;Z)Ljava/lang/Object; @ 206
Event: 2.117 Thread 0x00000000187e7000 Uncommon trap: reason=bimorphic action=maybe_recompile pc=0x0000000002c3a7e8 method=java.util.HashMap.putVal(ILjava/lang/Object;Ljava/lang/Object;ZZ)Ljava/lang/Object; @ 253
Event: 2.117 Thread 0x00000000187e7000 Uncommon trap: reason=bimorphic action=maybe_recompile pc=0x0000000002c3a7e8 method=java.util.HashMap.putVal(ILjava/lang/Object;Ljava/lang/Object;ZZ)Ljava/lang/Object; @ 253
Event: 2.117 Thread 0x00000000187e7000 Uncommon trap: reason=bimorphic action=maybe_recompile pc=0x0000000002c3a7e8 method=java.util.HashMap.putVal(ILjava/lang/Object;Ljava/lang/Object;ZZ)Ljava/lang/Object; @ 253
Event: 2.129 Thread 0x00000000187e7000 Uncommon trap: reason=class_check action=maybe_recompile pc=0x0000000002bc3198 method=java.util.regex.Matcher.match(II)Z @ 86
Event: 2.357 Thread 0x00000000187e7000 Uncommon trap: reason=class_check action=maybe_recompile pc=0x0000000002bc3198 method=java.util.regex.Matcher.match(II)Z @ 86
Event: 2.357 Thread 0x00000000187e7000 Uncommon trap: reason=class_check action=maybe_recompile pc=0x0000000002b9af5c method=java.util.regex.Matcher.match(II)Z @ 86
Event: 2.427 Thread 0x00000000187e7000 Uncommon trap: reason=unstable_if action=reinterpret pc=0x0000000002d62534 method=java.lang.String.lastIndexOf([CII[CIII)I @ 66

Internal exceptions (10 events):
Event: 2.062 Thread 0x00000000187e9800 Exception <a 'java/lang/NoSuchMethodError': <clinit>> (0x00000000e0125358) thrown at [C:\re\workspace\8-2-build-windows-amd64-cygwin\jdk8u101\7261\hotspot\src\share\vm\prims\jni.cpp, line 1613]
Event: 2.063 Thread 0x00000000187e9800 Exception <a 'java/lang/NoSuchMethodError': <clinit>> (0x00000000e012de20) thrown at [C:\re\workspace\8-2-build-windows-amd64-cygwin\jdk8u101\7261\hotspot\src\share\vm\prims\jni.cpp, line 1613]
Event: 2.064 Thread 0x00000000187e9800 Exception <a 'java/lang/NoSuchMethodError': <clinit>> (0x00000000e013f4e0) thrown at [C:\re\workspace\8-2-build-windows-amd64-cygwin\jdk8u101\7261\hotspot\src\share\vm\prims\jni.cpp, line 1613]
Event: 2.076 Thread 0x00000000187e9800 Exception <a 'java/lang/NoSuchMethodError': <clinit>> (0x00000000e01a46b0) thrown at [C:\re\workspace\8-2-build-windows-amd64-cygwin\jdk8u101\7261\hotspot\src\share\vm\prims\jni.cpp, line 1613]
Event: 2.079 Thread 0x00000000187e9800 Exception <a 'java/lang/NoSuchMethodError': <clinit>> (0x00000000e01c7e10) thrown at [C:\re\workspace\8-2-build-windows-amd64-cygwin\jdk8u101\7261\hotspot\src\share\vm\prims\jni.cpp, line 1613]
Event: 2.083 Thread 0x00000000187e9800 Exception <a 'java/lang/NoSuchMethodError': <clinit>> (0x00000000e01f17b8) thrown at [C:\re\workspace\8-2-build-windows-amd64-cygwin\jdk8u101\7261\hotspot\src\share\vm\prims\jni.cpp, line 1613]
Event: 2.084 Thread 0x00000000187e9800 Exception <a 'java/lang/NoSuchMethodError': <clinit>> (0x00000000e01ff370) thrown at [C:\re\workspace\8-2-build-windows-amd64-cygwin\jdk8u101\7261\hotspot\src\share\vm\prims\jni.cpp, line 1613]
Event: 2.088 Thread 0x00000000187e9800 Exception <a 'java/lang/NoSuchMethodError': <clinit>> (0x00000000e0223cb0) thrown at [C:\re\workspace\8-2-build-windows-amd64-cygwin\jdk8u101\7261\hotspot\src\share\vm\prims\jni.cpp, line 1613]
Event: 2.109 Thread 0x00000000187e7000 Exception <a 'java/lang/NoSuchMethodError': <clinit>> (0x00000000e035f4d0) thrown at [C:\re\workspace\8-2-build-windows-amd64-cygwin\jdk8u101\7261\hotspot\src\share\vm\prims\jni.cpp, line 1613]
Event: 2.109 Thread 0x00000000187e7000 Exception <a 'java/lang/NoSuchMethodError': <clinit>> (0x00000000e0367758) thrown at [C:\re\workspace\8-2-build-windows-amd64-cygwin\jdk8u101\7261\hotspot\src\share\vm\prims\jni.cpp, line 1613]

Events (10 events):
Event: 2.547 loading class java/util/TreeMap$ValueIterator
Event: 2.547 loading class java/util/TreeMap$ValueIterator done
Event: 2.547 loading class groovy/lang/Closure
Event: 2.547 loading class groovy/lang/Closure done
Event: 2.547 loading class groovy/lang/GroovyCallable
Event: 2.547 loading class groovy/lang/GroovyCallable done
Event: 2.548 loading class groovy/lang/GroovyObjectSupport
Event: 2.548 loading class groovy/lang/GroovyObjectSupport done
Event: 2.549 loading class com/google/common/collect/LinkedHashMultimap$ValueSet
Event: 2.549 loading class com/google/common/collect/LinkedHashMultimap$ValueSet done


Dynamic libraries:
0x00007ff68a820000 - 0x00007ff68a857000 	C:\Program Files\Java\jdk1.8.0_101\bin\java.exe
0x00007ffa07590000 - 0x00007ffa07771000 	C:\WINDOWS\SYSTEM32\ntdll.dll
0x00007ffa04cf0000 - 0x00007ffa04da2000 	C:\WINDOWS\System32\KERNEL32.DLL
0x00007ffa03b00000 - 0x00007ffa03d73000 	C:\WINDOWS\System32\KERNELBASE.dll
0x00007ffa06260000 - 0x00007ffa06301000 	C:\WINDOWS\System32\ADVAPI32.dll
0x00007ffa066f0000 - 0x00007ffa0678e000 	C:\WINDOWS\System32\msvcrt.dll
0x00007ffa06310000 - 0x00007ffa0636b000 	C:\WINDOWS\System32\sechost.dll
0x00007ffa07430000 - 0x00007ffa07554000 	C:\WINDOWS\System32\RPCRT4.dll
0x00007ffa04a20000 - 0x00007ffa04bb0000 	C:\WINDOWS\System32\USER32.dll
0x00007ffa04020000 - 0x00007ffa04040000 	C:\WINDOWS\System32\win32u.dll
0x00007ffa04cc0000 - 0x00007ffa04ce8000 	C:\WINDOWS\System32\GDI32.dll
0x00007ffa04170000 - 0x00007ffa04302000 	C:\WINDOWS\System32\gdi32full.dll
0x00007ffa03960000 - 0x00007ffa039ff000 	C:\WINDOWS\System32\msvcp_win.dll
0x00007ffa03a00000 - 0x00007ffa03afa000 	C:\WINDOWS\System32\ucrtbase.dll
0x00007ff9f59a0000 - 0x00007ff9f5c09000 	C:\WINDOWS\WinSxS\amd64_microsoft.windows.common-controls_6595b64144ccf1df_6.0.17134.228_none_fb4599993062b194\COMCTL32.dll
0x00007ffa06880000 - 0x00007ffa06ba3000 	C:\WINDOWS\System32\combase.dll
0x00007ffa040f0000 - 0x00007ffa0416a000 	C:\WINDOWS\System32\bcryptPrimitives.dll
0x00007ffa06bb0000 - 0x00007ffa06bdd000 	C:\WINDOWS\System32\IMM32.DLL
0x000000006b200000 - 0x000000006b2d2000 	C:\Program Files\Java\jdk1.8.0_101\jre\bin\msvcr100.dll
0x0000000068a60000 - 0x00000000692fa000 	C:\Program Files\Java\jdk1.8.0_101\jre\bin\server\jvm.dll
0x00007ffa07330000 - 0x00007ffa07338000 	C:\WINDOWS\System32\PSAPI.DLL
0x00007ffa01380000 - 0x00007ffa013a3000 	C:\WINDOWS\SYSTEM32\WINMM.dll
0x00007ff9fb950000 - 0x00007ff9fb95a000 	C:\WINDOWS\SYSTEM32\VERSION.dll
0x00007ff9f4a20000 - 0x00007ff9f4a29000 	C:\WINDOWS\SYSTEM32\WSOCK32.dll
0x00007ffa073c0000 - 0x00007ffa0742c000 	C:\WINDOWS\System32\WS2_32.dll
0x00007ffa01350000 - 0x00007ffa0137a000 	C:\WINDOWS\SYSTEM32\WINMMBASE.dll
0x00007ffa03de0000 - 0x00007ffa03e29000 	C:\WINDOWS\System32\cfgmgr32.dll
0x000000006b1f0000 - 0x000000006b1ff000 	C:\Program Files\Java\jdk1.8.0_101\jre\bin\verify.dll
0x000000006b1c0000 - 0x000000006b1e9000 	C:\Program Files\Java\jdk1.8.0_101\jre\bin\java.dll
0x000000006afd0000 - 0x000000006afe6000 	C:\Program Files\Java\jdk1.8.0_101\jre\bin\zip.dll
0x00007ffa04db0000 - 0x00007ffa061f0000 	C:\WINDOWS\System32\SHELL32.dll
0x00007ffa04c10000 - 0x00007ffa04cb9000 	C:\WINDOWS\System32\shcore.dll
0x00007ffa04310000 - 0x00007ffa04a1d000 	C:\WINDOWS\System32\windows.storage.dll
0x00007ffa04bb0000 - 0x00007ffa04c01000 	C:\WINDOWS\System32\shlwapi.dll
0x00007ffa038a0000 - 0x00007ffa038b1000 	C:\WINDOWS\System32\kernel.appcore.dll
0x00007ffa03940000 - 0x00007ffa0395f000 	C:\WINDOWS\System32\profapi.dll
0x00007ffa038c0000 - 0x00007ffa0390c000 	C:\WINDOWS\System32\powrprof.dll
0x00007ffa03930000 - 0x00007ffa0393a000 	C:\WINDOWS\System32\FLTLIB.DLL
0x000000006afb0000 - 0x000000006afca000 	C:\Program Files\Java\jdk1.8.0_101\jre\bin\net.dll
0x00007ffa03120000 - 0x00007ffa03186000 	C:\WINDOWS\system32\mswsock.dll
0x0000000068a40000 - 0x0000000068a51000 	C:\Program Files\Java\jdk1.8.0_101\jre\bin\nio.dll
0x00007ff9fa300000 - 0x00007ff9fa31e000 	C:\Users\Willian\.gradle\native\25\windows-amd64\native-platform.dll
0x000000006b1b0000 - 0x000000006b1bd000 	C:\Program Files\Java\jdk1.8.0_101\jre\bin\management.dll
0x00007ffa032d0000 - 0x00007ffa032e7000 	C:\WINDOWS\SYSTEM32\CRYPTSP.dll
0x00007ffa02d00000 - 0x00007ffa02d33000 	C:\WINDOWS\system32\rsaenh.dll
0x00007ffa03400000 - 0x00007ffa03425000 	C:\WINDOWS\SYSTEM32\bcrypt.dll
0x00007ffa037d0000 - 0x00007ffa037f8000 	C:\WINDOWS\SYSTEM32\USERENV.dll
0x00007ffa032f0000 - 0x00007ffa032fb000 	C:\WINDOWS\SYSTEM32\CRYPTBASE.dll
0x00007ffa02ea0000 - 0x00007ffa02ed8000 	C:\WINDOWS\SYSTEM32\IPHLPAPI.DLL
0x00007ffa06250000 - 0x00007ffa06258000 	C:\WINDOWS\System32\NSI.dll
0x00007ff9fb2c0000 - 0x00007ff9fb2d6000 	C:\WINDOWS\SYSTEM32\dhcpcsvc6.DLL
0x00007ff9fb370000 - 0x00007ff9fb38a000 	C:\WINDOWS\SYSTEM32\dhcpcsvc.DLL

VM Arguments:
jvm_args: -Xmx1536m -Dfile.encoding=windows-1252 -Duser.country=BR -Duser.language=pt -Duser.variant 
java_command: org.gradle.launcher.daemon.bootstrap.GradleDaemon 4.4
java_class_path (initial): C:\Users\Willian\.gradle\wrapper\dists\gradle-4.4-all\9br9xq1tocpiv8o6njlyu5op1\gradle-4.4\lib\gradle-launcher-4.4.jar
Launcher Type: SUN_STANDARD

Environment Variables:
PATH=C:\Program Files (x86)\Common Files\Oracle\Java\javapath;C:\ProgramData\Oracle\Java\javapath;C:\Program Files (x86)\NVIDIA Corporation\PhysX\Common;C:\Program Files (x86)\Intel\iCLS Client\;C:\Program Files\Intel\iCLS Client\;C:\WINDOWS\system32;C:\WINDOWS;C:\WINDOWS\System32\Wbem;C:\WINDOWS\System32\WindowsPowerShell\v1.0\;C:\Program Files (x86)\Intel\Intel(R) Management Engine Components\DAL;C:\Program Files\Intel\Intel(R) Management Engine Components\DAL;C:\Program Files (x86)\Intel\Intel(R) Management Engine Components\IPT;C:\Program Files\Intel\Intel(R) Management Engine Components\IPT;c:\Program Files (x86)\ATI Technologies\ATI.ACE\Core-Static;C:\WINDOWS\system32\config\systemprofile\.dnx\bin;C:\Program Files\Microsoft DNX\Dnvm\;C:\Program Files\Microsoft SQL Server\130\Tools\Binn\;C:\Program Files\Common Files\Autodesk Shared\;C:\Program Files (x86)\Autodesk\Backburner\;C:\Program Files\Java\jdk1.7.0_79\bin;C:\Program Files (x86)\GtkSharp\2.12\bin;C:\Program Files\Git\cmd;C:\Program Files\Intel\WiFi\bin\;C:\Program Files\Common Files\Intel\WirelessCommon\;C:\WINDOWS\System32\OpenSSH\;C:\Users\Willian\AppData\Local\Microsoft\WindowsApps;
USERNAME=Willian
OS=Windows_NT
PROCESSOR_IDENTIFIER=Intel64 Family 6 Model 61 Stepping 4, GenuineIntel



---------------  S Y S T E M  ---------------

OS: Windows 10.0 , 64 bit Build 17134 (10.0.17134.1)

CPU:total 4 (2 cores per cpu, 2 threads per core) family 6 model 61 stepping 4, cmov, cx8, fxsr, mmx, sse, sse2, sse3, ssse3, sse4.1, sse4.2, popcnt, avx, avx2, aes, clmul, erms, 3dnowpref, lzcnt, ht, tsc, tscinvbit, bmi1, bmi2, adx

Memory: 4k page, physical 8301016k(886192k free), swap 8301016k(5128k free)

vm_info: Java HotSpot(TM) 64-Bit Server VM (25.101-b13) for windows-amd64 JRE (1.8.0_101-b13), built on Jun 22 2016 01:21:29 by "java_re" with MS VC++ 10.0 (VS2010)

time: Thu Sep 13 23:28:28 2018
elapsed time: 2 seconds (0d 0h 0m 2s)

