#
# There is insufficient memory for the Java Runtime Environment to continue.
# Native memory allocation (malloc) failed to allocate 786656 bytes for Chunk::new
# Possible reasons:
#   The system is out of physical RAM or swap space
#   In 32 bit mode, the process size limit was hit
# Possible solutions:
#   Reduce memory load on the system
#   Increase physical memory or swap space
#   Check if swap backing store is full
#   Use 64 bit Java on a 64 bit OS
#   Decrease Java heap size (-Xmx/-Xms)
#   Decrease number of Java threads
#   Decrease Java thread stack sizes (-Xss)
#   Set larger code cache with -XX:ReservedCodeCacheSize=
# This output file may be truncated or incomplete.
#
#  Out of Memory Error (allocation.cpp:390), pid=1456, tid=0x0000000000002b84
#
# JRE version: Java(TM) SE Runtime Environment (8.0_101-b13) (build 1.8.0_101-b13)
# Java VM: Java HotSpot(TM) 64-Bit Server VM (25.101-b13 mixed mode windows-amd64 compressed oops)
# Failed to write core dump. Minidumps are not enabled by default on client versions of Windows
#

---------------  T H R E A D  ---------------

Current thread (0x000000001627c800):  JavaThread "C2 CompilerThread0" daemon [_thread_in_native, id=11140, stack(0x0000000017900000,0x0000000017a00000)]

Stack: [0x0000000017900000,0x0000000017a00000]
[error occurred during error reporting (printing stack bounds), id 0xc0000005]

Native frames: (J=compiled Java code, j=interpreted, Vv=VM code, C=native code)


Current CompileTask:
C2:   2765 1440   !   4       java.net.URLClassLoader$1::run (63 bytes)


---------------  P R O C E S S  ---------------

Java Threads: ( => current thread )
  0x000000001957b000 JavaThread "Cache worker for file hash cache (C:\Users\Willian\Desktop\WillMaterialDesign\.gradle\4.4\fileHashes)" [_thread_blocked, id=7596, stack(0x000000001bf30000,0x000000001c030000)]
  0x0000000019582000 JavaThread "File lock request listener" [_thread_in_native, id=11184, stack(0x000000001ae60000,0x000000001af60000)]
  0x000000001957c800 JavaThread "Cache worker for file hash cache (C:\Users\Willian\.gradle\caches\4.4\fileHashes)" [_thread_blocked, id=988, stack(0x000000001ad60000,0x000000001ae60000)]
  0x000000001924f800 JavaThread "Stdin handler" [_thread_blocked, id=3316, stack(0x000000001aa60000,0x000000001ab60000)]
  0x000000001933c800 JavaThread "Asynchronous log dispatcher for DefaultDaemonConnection: socket connection from /127.0.0.1:53633 to /127.0.0.1:53634" [_thread_blocked, id=11668, stack(0x000000001a960000,0x000000001aa60000)]
  0x000000001934a000 JavaThread "Daemon worker" [_thread_in_Java, id=7936, stack(0x000000001a860000,0x000000001a960000)]
  0x0000000019349800 JavaThread "Cancel handler" [_thread_blocked, id=11684, stack(0x000000001a760000,0x000000001a860000)]
  0x0000000019303000 JavaThread "Handler for socket connection from /127.0.0.1:53633 to /127.0.0.1:53634" [_thread_in_native, id=7624, stack(0x000000001a460000,0x000000001a560000)]
  0x0000000019305000 JavaThread "Daemon" [_thread_blocked, id=7416, stack(0x000000001a360000,0x000000001a460000)]
  0x00000000192e4800 JavaThread "Daemon periodic checks" [_thread_blocked, id=6256, stack(0x000000001a260000,0x000000001a360000)]
  0x0000000019296800 JavaThread "Incoming local TCP Connector on port 53633" [_thread_in_native, id=12368, stack(0x000000001a010000,0x000000001a110000)]
  0x000000001906a000 JavaThread "Daemon health stats" [_thread_blocked, id=9708, stack(0x00000000199d0000,0x0000000019ad0000)]
  0x0000000017c20800 JavaThread "Service Thread" daemon [_thread_blocked, id=11648, stack(0x0000000018000000,0x0000000018100000)]
  0x0000000016289800 JavaThread "C1 CompilerThread2" daemon [_thread_blocked, id=10372, stack(0x0000000017b00000,0x0000000017c00000)]
  0x0000000016282800 JavaThread "C2 CompilerThread1" daemon [_thread_in_native, id=5484, stack(0x0000000017a00000,0x0000000017b00000)]
=>0x000000001627c800 JavaThread "C2 CompilerThread0" daemon [_thread_in_native, id=11140, stack(0x0000000017900000,0x0000000017a00000)]
  0x000000001627b000 JavaThread "Attach Listener" daemon [_thread_blocked, id=2724, stack(0x0000000017800000,0x0000000017900000)]
  0x000000001627a000 JavaThread "Signal Dispatcher" daemon [_thread_blocked, id=12752, stack(0x0000000017700000,0x0000000017800000)]
  0x000000001626a800 JavaThread "Finalizer" daemon [_thread_blocked, id=4492, stack(0x00000000174f0000,0x00000000175f0000)]
  0x00000000028ff800 JavaThread "Reference Handler" daemon [_thread_blocked, id=8472, stack(0x00000000173f0000,0x00000000174f0000)]
  0x00000000026de000 JavaThread "main" [_thread_blocked, id=10496, stack(0x0000000002710000,0x0000000002810000)]

Other Threads:
  0x0000000016248000 VMThread [stack: 0x00000000172f0000,0x00000000173f0000] [id=1316]
  0x0000000017c2e000 WatcherThread [stack: 0x0000000018100000,0x0000000018200000] [id=7376]

VM state:not at safepoint (normal execution)

VM Mutex/Monitor currently owned by a thread: None

Heap:
 PSYoungGen      total 38400K, used 20605K [0x00000000e0000000, 0x00000000e2a80000, 0x0000000100000000)
  eden space 33280K, 46% used [0x00000000e0000000,0x00000000e0f25738,0x00000000e2080000)
  from space 5120K, 99% used [0x00000000e2080000,0x00000000e2579da8,0x00000000e2580000)
  to   space 5120K, 0% used [0x00000000e2580000,0x00000000e2580000,0x00000000e2a80000)
 ParOldGen       total 87552K, used 2312K [0x00000000a0000000, 0x00000000a5580000, 0x00000000e0000000)
  object space 87552K, 2% used [0x00000000a0000000,0x00000000a02421d8,0x00000000a5580000)
 Metaspace       used 15902K, capacity 16256K, committed 16384K, reserved 1062912K
  class space    used 2315K, capacity 2446K, committed 2560K, reserved 1048576K

Card table byte_map: [0x0000000011cd0000,0x0000000011fe0000] byte_map_base: 0x00000000117d0000

Marking Bits: (ParMarkBitMap*) 0x000000006927a6d0
 Begin Bits: [0x00000000125e0000, 0x0000000013de0000)
 End Bits:   [0x0000000013de0000, 0x00000000155e0000)

Polling page: 0x0000000000e40000

CodeCache: size=245760Kb used=4892Kb max_used=4892Kb free=240867Kb
 bounds [0x0000000002910000, 0x0000000002de0000, 0x0000000011910000]
 total_blobs=1825 nmethods=1449 adapters=288
 compilation: enabled

Compilation events (10 events):
Event: 2.730 Thread 0x0000000016289800 1446       3       java.util.HashMap::afterNodeRemoval (1 bytes)
Event: 2.731 Thread 0x0000000016289800 nmethod 1446 0x0000000002dd7d90 code [0x0000000002dd7ee0, 0x0000000002dd8030]
Event: 2.733 Thread 0x0000000016289800 1448       3       java.util.ArrayList::isEmpty (13 bytes)
Event: 2.734 Thread 0x0000000016289800 nmethod 1448 0x0000000002dd8090 code [0x0000000002dd81e0, 0x0000000002dd8390]
Event: 2.742 Thread 0x0000000016289800 1449       3       org.gradle.internal.service.DefaultServiceRegistry$ParentServices::wrap (10 bytes)
Event: 2.742 Thread 0x0000000016289800 nmethod 1449 0x0000000002dd8410 code [0x0000000002dd8580, 0x0000000002dd8810]
Event: 2.742 Thread 0x0000000016289800 1450       3       org.gradle.internal.service.DefaultServiceRegistry$ParentServices$1::<init> (15 bytes)
Event: 2.742 Thread 0x0000000016289800 nmethod 1450 0x0000000002dd8910 code [0x0000000002dd8a60, 0x0000000002dd8c30]
Event: 2.743 Thread 0x0000000016289800 1451       3       java.util.IdentityHashMap::maskNull (12 bytes)
Event: 2.743 Thread 0x0000000016289800 nmethod 1451 0x0000000002dd8cd0 code [0x0000000002dd8e20, 0x0000000002dd8fb0]

GC Heap History (6 events):
Event: 1.156 GC heap before
{Heap before GC invocations=1 (full 0):
 PSYoungGen      total 38400K, used 33280K [0x00000000e0000000, 0x00000000e2a80000, 0x0000000100000000)
  eden space 33280K, 100% used [0x00000000e0000000,0x00000000e2080000,0x00000000e2080000)
  from space 5120K, 0% used [0x00000000e2580000,0x00000000e2580000,0x00000000e2a80000)
  to   space 5120K, 0% used [0x00000000e2080000,0x00000000e2080000,0x00000000e2580000)
 ParOldGen       total 87552K, used 0K [0x00000000a0000000, 0x00000000a5580000, 0x00000000e0000000)
  object space 87552K, 0% used [0x00000000a0000000,0x00000000a0000000,0x00000000a5580000)
 Metaspace       used 6794K, capacity 7002K, committed 7168K, reserved 1056768K
  class space    used 852K, capacity 911K, committed 1024K, reserved 1048576K
Event: 1.164 GC heap after
Heap after GC invocations=1 (full 0):
 PSYoungGen      total 38400K, used 4118K [0x00000000e0000000, 0x00000000e2a80000, 0x0000000100000000)
  eden space 33280K, 0% used [0x00000000e0000000,0x00000000e0000000,0x00000000e2080000)
  from space 5120K, 80% used [0x00000000e2080000,0x00000000e2485b10,0x00000000e2580000)
  to   space 5120K, 0% used [0x00000000e2580000,0x00000000e2580000,0x00000000e2a80000)
 ParOldGen       total 87552K, used 8K [0x00000000a0000000, 0x00000000a5580000, 0x00000000e0000000)
  object space 87552K, 0% used [0x00000000a0000000,0x00000000a0002000,0x00000000a5580000)
 Metaspace       used 6794K, capacity 7002K, committed 7168K, reserved 1056768K
  class space    used 852K, capacity 911K, committed 1024K, reserved 1048576K
}
Event: 2.168 GC heap before
{Heap before GC invocations=2 (full 0):
 PSYoungGen      total 38400K, used 37398K [0x00000000e0000000, 0x00000000e2a80000, 0x0000000100000000)
  eden space 33280K, 100% used [0x00000000e0000000,0x00000000e2080000,0x00000000e2080000)
  from space 5120K, 80% used [0x00000000e2080000,0x00000000e2485b10,0x00000000e2580000)
  to   space 5120K, 0% used [0x00000000e2580000,0x00000000e2580000,0x00000000e2a80000)
 ParOldGen       total 87552K, used 8K [0x00000000a0000000, 0x00000000a5580000, 0x00000000e0000000)
  object space 87552K, 0% used [0x00000000a0000000,0x00000000a0002000,0x00000000a5580000)
 Metaspace       used 11274K, capacity 11626K, committed 11904K, reserved 1058816K
  class space    used 1535K, capacity 1661K, committed 1664K, reserved 1048576K
Event: 2.176 GC heap after
Heap after GC invocations=2 (full 0):
 PSYoungGen      total 38400K, used 5119K [0x00000000e0000000, 0x00000000e2a80000, 0x0000000100000000)
  eden space 33280K, 0% used [0x00000000e0000000,0x00000000e0000000,0x00000000e2080000)
  from space 5120K, 99% used [0x00000000e2580000,0x00000000e2a7fd38,0x00000000e2a80000)
  to   space 5120K, 0% used [0x00000000e2080000,0x00000000e2080000,0x00000000e2580000)
 ParOldGen       total 87552K, used 348K [0x00000000a0000000, 0x00000000a5580000, 0x00000000e0000000)
  object space 87552K, 0% used [0x00000000a0000000,0x00000000a0057090,0x00000000a5580000)
 Metaspace       used 11274K, capacity 11626K, committed 11904K, reserved 1058816K
  class space    used 1535K, capacity 1661K, committed 1664K, reserved 1048576K
}
Event: 2.544 GC heap before
{Heap before GC invocations=3 (full 0):
 PSYoungGen      total 38400K, used 38399K [0x00000000e0000000, 0x00000000e2a80000, 0x0000000100000000)
  eden space 33280K, 100% used [0x00000000e0000000,0x00000000e2080000,0x00000000e2080000)
  from space 5120K, 99% used [0x00000000e2580000,0x00000000e2a7fd38,0x00000000e2a80000)
  to   space 5120K, 0% used [0x00000000e2080000,0x00000000e2080000,0x00000000e2580000)
 ParOldGen       total 87552K, used 348K [0x00000000a0000000, 0x00000000a5580000, 0x00000000e0000000)
  object space 87552K, 0% used [0x00000000a0000000,0x00000000a0057090,0x00000000a5580000)
 Metaspace       used 14458K, capacity 14784K, committed 15104K, reserved 1062912K
  class space    used 2070K, capacity 2190K, committed 2304K, reserved 1048576K
Event: 2.554 GC heap after
Heap after GC invocations=3 (full 0):
 PSYoungGen      total 38400K, used 5095K [0x00000000e0000000, 0x00000000e2a80000, 0x0000000100000000)
  eden space 33280K, 0% used [0x00000000e0000000,0x00000000e0000000,0x00000000e2080000)
  from space 5120K, 99% used [0x00000000e2080000,0x00000000e2579da8,0x00000000e2580000)
  to   space 5120K, 0% used [0x00000000e2580000,0x00000000e2580000,0x00000000e2a80000)
 ParOldGen       total 87552K, used 2312K [0x00000000a0000000, 0x00000000a5580000, 0x00000000e0000000)
  object space 87552K, 2% used [0x00000000a0000000,0x00000000a02421d8,0x00000000a5580000)
 Metaspace       used 14458K, capacity 14784K, committed 15104K, reserved 1062912K
  class space    used 2070K, capacity 2190K, committed 2304K, reserved 1048576K
}

Deoptimization events (10 events):
Event: 1.738 Thread 0x00000000026de000 Uncommon trap: reason=unstable_if action=reinterpret pc=0x0000000002bc0568 method=java.io.WinNTFileSystem.normalize(Ljava/lang/String;)Ljava/lang/String; @ 128
Event: 1.738 Thread 0x00000000026de000 Uncommon trap: reason=unstable_if action=reinterpret pc=0x0000000002c29eb8 method=java.io.WinNTFileSystem.normalize(Ljava/lang/String;II)Ljava/lang/String; @ 90
Event: 2.185 Thread 0x0000000019303000 Uncommon trap: reason=unstable_if action=reinterpret pc=0x0000000002c993dc method=java.util.concurrent.ConcurrentHashMap.putVal(Ljava/lang/Object;Ljava/lang/Object;Z)Ljava/lang/Object; @ 206
Event: 2.263 Thread 0x000000001934a000 Uncommon trap: reason=bimorphic action=maybe_recompile pc=0x0000000002c3e628 method=java.util.HashMap.putVal(ILjava/lang/Object;Ljava/lang/Object;ZZ)Ljava/lang/Object; @ 253
Event: 2.263 Thread 0x000000001934a000 Uncommon trap: reason=bimorphic action=maybe_recompile pc=0x0000000002c3e628 method=java.util.HashMap.putVal(ILjava/lang/Object;Ljava/lang/Object;ZZ)Ljava/lang/Object; @ 253
Event: 2.263 Thread 0x000000001934a000 Uncommon trap: reason=bimorphic action=maybe_recompile pc=0x0000000002c3e628 method=java.util.HashMap.putVal(ILjava/lang/Object;Ljava/lang/Object;ZZ)Ljava/lang/Object; @ 253
Event: 2.274 Thread 0x000000001934a000 Uncommon trap: reason=class_check action=maybe_recompile pc=0x0000000002bae858 method=java.util.regex.Matcher.match(II)Z @ 86
Event: 2.491 Thread 0x000000001934a000 Uncommon trap: reason=class_check action=maybe_recompile pc=0x0000000002bae858 method=java.util.regex.Matcher.match(II)Z @ 86
Event: 2.491 Thread 0x000000001934a000 Uncommon trap: reason=class_check action=maybe_recompile pc=0x0000000002b8b35c method=java.util.regex.Matcher.match(II)Z @ 86
Event: 2.562 Thread 0x000000001934a000 Uncommon trap: reason=unstable_if action=reinterpret pc=0x0000000002d5e6b4 method=java.lang.String.lastIndexOf([CII[CIII)I @ 66

Internal exceptions (10 events):
Event: 2.204 Thread 0x0000000019303000 Exception <a 'java/lang/NoSuchMethodError': <clinit>> (0x00000000e0124f88) thrown at [C:\re\workspace\8-2-build-windows-amd64-cygwin\jdk8u101\7261\hotspot\src\share\vm\prims\jni.cpp, line 1613]
Event: 2.205 Thread 0x0000000019303000 Exception <a 'java/lang/NoSuchMethodError': <clinit>> (0x00000000e012da50) thrown at [C:\re\workspace\8-2-build-windows-amd64-cygwin\jdk8u101\7261\hotspot\src\share\vm\prims\jni.cpp, line 1613]
Event: 2.206 Thread 0x0000000019303000 Exception <a 'java/lang/NoSuchMethodError': <clinit>> (0x00000000e013f120) thrown at [C:\re\workspace\8-2-build-windows-amd64-cygwin\jdk8u101\7261\hotspot\src\share\vm\prims\jni.cpp, line 1613]
Event: 2.219 Thread 0x0000000019303000 Exception <a 'java/lang/NoSuchMethodError': <clinit>> (0x00000000e01a42c0) thrown at [C:\re\workspace\8-2-build-windows-amd64-cygwin\jdk8u101\7261\hotspot\src\share\vm\prims\jni.cpp, line 1613]
Event: 2.222 Thread 0x0000000019303000 Exception <a 'java/lang/NoSuchMethodError': <clinit>> (0x00000000e01c79d0) thrown at [C:\re\workspace\8-2-build-windows-amd64-cygwin\jdk8u101\7261\hotspot\src\share\vm\prims\jni.cpp, line 1613]
Event: 2.226 Thread 0x0000000019303000 Exception <a 'java/lang/NoSuchMethodError': <clinit>> (0x00000000e01f1398) thrown at [C:\re\workspace\8-2-build-windows-amd64-cygwin\jdk8u101\7261\hotspot\src\share\vm\prims\jni.cpp, line 1613]
Event: 2.229 Thread 0x0000000019303000 Exception <a 'java/lang/NoSuchMethodError': <clinit>> (0x00000000e01fef50) thrown at [C:\re\workspace\8-2-build-windows-amd64-cygwin\jdk8u101\7261\hotspot\src\share\vm\prims\jni.cpp, line 1613]
Event: 2.231 Thread 0x0000000019303000 Exception <a 'java/lang/NoSuchMethodError': <clinit>> (0x00000000e02238d0) thrown at [C:\re\workspace\8-2-build-windows-amd64-cygwin\jdk8u101\7261\hotspot\src\share\vm\prims\jni.cpp, line 1613]
Event: 2.253 Thread 0x000000001934a000 Exception <a 'java/lang/NoSuchMethodError': <clinit>> (0x00000000e035f278) thrown at [C:\re\workspace\8-2-build-windows-amd64-cygwin\jdk8u101\7261\hotspot\src\share\vm\prims\jni.cpp, line 1613]
Event: 2.254 Thread 0x000000001934a000 Exception <a 'java/lang/NoSuchMethodError': <clinit>> (0x00000000e0367500) thrown at [C:\re\workspace\8-2-build-windows-amd64-cygwin\jdk8u101\7261\hotspot\src\share\vm\prims\jni.cpp, line 1613]

Events (10 events):
Event: 2.761 loading class com/google/common/base/Suppliers$MemoizingSupplier
Event: 2.761 loading class com/google/common/base/Suppliers$MemoizingSupplier done
Event: 2.762 loading class javax/net/ssl/TrustManager
Event: 2.762 loading class javax/net/ssl/TrustManager done
Event: 2.762 loading class org/gradle/internal/resource/transport/http/DefaultHttpSettings$2$2
Event: 2.762 loading class org/gradle/internal/resource/transport/http/DefaultHttpSettings$2$2 done
Event: 2.762 loading class javax/net/ssl/X509TrustManager
Event: 2.762 loading class javax/net/ssl/X509TrustManager done
Event: 2.762 loading class org/apache/http/conn/ssl/DefaultHostnameVerifier
Event: 2.762 loading class org/apache/http/conn/ssl/DefaultHostnameVerifier done


Dynamic libraries:
0x00007ff68a820000 - 0x00007ff68a857000 	C:\Program Files\Java\jdk1.8.0_101\bin\java.exe
0x00007ffa07590000 - 0x00007ffa07771000 	C:\WINDOWS\SYSTEM32\ntdll.dll
0x00007ffa04cf0000 - 0x00007ffa04da2000 	C:\WINDOWS\System32\KERNEL32.DLL
0x00007ffa03b00000 - 0x00007ffa03d73000 	C:\WINDOWS\System32\KERNELBASE.dll
0x00007ffa06260000 - 0x00007ffa06301000 	C:\WINDOWS\System32\ADVAPI32.dll
0x00007ffa066f0000 - 0x00007ffa0678e000 	C:\WINDOWS\System32\msvcrt.dll
0x00007ffa06310000 - 0x00007ffa0636b000 	C:\WINDOWS\System32\sechost.dll
0x00007ffa07430000 - 0x00007ffa07554000 	C:\WINDOWS\System32\RPCRT4.dll
0x00007ffa04a20000 - 0x00007ffa04bb0000 	C:\WINDOWS\System32\USER32.dll
0x00007ffa04020000 - 0x00007ffa04040000 	C:\WINDOWS\System32\win32u.dll
0x00007ffa04cc0000 - 0x00007ffa04ce8000 	C:\WINDOWS\System32\GDI32.dll
0x00007ffa04170000 - 0x00007ffa04302000 	C:\WINDOWS\System32\gdi32full.dll
0x00007ffa03960000 - 0x00007ffa039ff000 	C:\WINDOWS\System32\msvcp_win.dll
0x00007ffa03a00000 - 0x00007ffa03afa000 	C:\WINDOWS\System32\ucrtbase.dll
0x00007ff9f59a0000 - 0x00007ff9f5c09000 	C:\WINDOWS\WinSxS\amd64_microsoft.windows.common-controls_6595b64144ccf1df_6.0.17134.228_none_fb4599993062b194\COMCTL32.dll
0x00007ffa06880000 - 0x00007ffa06ba3000 	C:\WINDOWS\System32\combase.dll
0x00007ffa040f0000 - 0x00007ffa0416a000 	C:\WINDOWS\System32\bcryptPrimitives.dll
0x00007ffa06bb0000 - 0x00007ffa06bdd000 	C:\WINDOWS\System32\IMM32.DLL
0x000000006b200000 - 0x000000006b2d2000 	C:\Program Files\Java\jdk1.8.0_101\jre\bin\msvcr100.dll
0x0000000068a60000 - 0x00000000692fa000 	C:\Program Files\Java\jdk1.8.0_101\jre\bin\server\jvm.dll
0x00007ffa07330000 - 0x00007ffa07338000 	C:\WINDOWS\System32\PSAPI.DLL
0x00007ff9fb950000 - 0x00007ff9fb95a000 	C:\WINDOWS\SYSTEM32\VERSION.dll
0x00007ff9f4a20000 - 0x00007ff9f4a29000 	C:\WINDOWS\SYSTEM32\WSOCK32.dll
0x00007ffa01380000 - 0x00007ffa013a3000 	C:\WINDOWS\SYSTEM32\WINMM.dll
0x00007ffa073c0000 - 0x00007ffa0742c000 	C:\WINDOWS\System32\WS2_32.dll
0x00007ffa01350000 - 0x00007ffa0137a000 	C:\WINDOWS\SYSTEM32\WINMMBASE.dll
0x00007ffa03de0000 - 0x00007ffa03e29000 	C:\WINDOWS\System32\cfgmgr32.dll
0x000000006b1f0000 - 0x000000006b1ff000 	C:\Program Files\Java\jdk1.8.0_101\jre\bin\verify.dll
0x000000006b1c0000 - 0x000000006b1e9000 	C:\Program Files\Java\jdk1.8.0_101\jre\bin\java.dll
0x000000006afd0000 - 0x000000006afe6000 	C:\Program Files\Java\jdk1.8.0_101\jre\bin\zip.dll
0x00007ffa04db0000 - 0x00007ffa061f0000 	C:\WINDOWS\System32\SHELL32.dll
0x00007ffa04c10000 - 0x00007ffa04cb9000 	C:\WINDOWS\System32\shcore.dll
0x00007ffa04310000 - 0x00007ffa04a1d000 	C:\WINDOWS\System32\windows.storage.dll
0x00007ffa04bb0000 - 0x00007ffa04c01000 	C:\WINDOWS\System32\shlwapi.dll
0x00007ffa038a0000 - 0x00007ffa038b1000 	C:\WINDOWS\System32\kernel.appcore.dll
0x00007ffa03940000 - 0x00007ffa0395f000 	C:\WINDOWS\System32\profapi.dll
0x00007ffa038c0000 - 0x00007ffa0390c000 	C:\WINDOWS\System32\powrprof.dll
0x00007ffa03930000 - 0x00007ffa0393a000 	C:\WINDOWS\System32\FLTLIB.DLL
0x000000006afb0000 - 0x000000006afca000 	C:\Program Files\Java\jdk1.8.0_101\jre\bin\net.dll
0x00007ffa03120000 - 0x00007ffa03186000 	C:\WINDOWS\system32\mswsock.dll
0x0000000068a40000 - 0x0000000068a51000 	C:\Program Files\Java\jdk1.8.0_101\jre\bin\nio.dll
0x00007ff9fa300000 - 0x00007ff9fa31e000 	C:\Users\Willian\.gradle\native\25\windows-amd64\native-platform.dll
0x000000006b1b0000 - 0x000000006b1bd000 	C:\Program Files\Java\jdk1.8.0_101\jre\bin\management.dll
0x00007ffa032d0000 - 0x00007ffa032e7000 	C:\WINDOWS\SYSTEM32\CRYPTSP.dll
0x00007ffa02d00000 - 0x00007ffa02d33000 	C:\WINDOWS\system32\rsaenh.dll
0x00007ffa03400000 - 0x00007ffa03425000 	C:\WINDOWS\SYSTEM32\bcrypt.dll
0x00007ffa037d0000 - 0x00007ffa037f8000 	C:\WINDOWS\SYSTEM32\USERENV.dll
0x00007ffa032f0000 - 0x00007ffa032fb000 	C:\WINDOWS\SYSTEM32\CRYPTBASE.dll
0x00007ffa02ea0000 - 0x00007ffa02ed8000 	C:\WINDOWS\SYSTEM32\IPHLPAPI.DLL
0x00007ffa06250000 - 0x00007ffa06258000 	C:\WINDOWS\System32\NSI.dll
0x00007ff9fb2c0000 - 0x00007ff9fb2d6000 	C:\WINDOWS\SYSTEM32\dhcpcsvc6.DLL
0x00007ff9fb370000 - 0x00007ff9fb38a000 	C:\WINDOWS\SYSTEM32\dhcpcsvc.DLL

VM Arguments:
jvm_args: -Xmx1536m -Dfile.encoding=windows-1252 -Duser.country=BR -Duser.language=pt -Duser.variant 
java_command: org.gradle.launcher.daemon.bootstrap.GradleDaemon 4.4
java_class_path (initial): C:\Users\Willian\.gradle\wrapper\dists\gradle-4.4-all\9br9xq1tocpiv8o6njlyu5op1\gradle-4.4\lib\gradle-launcher-4.4.jar
Launcher Type: SUN_STANDARD

Environment Variables:
PATH=C:\Program Files (x86)\Common Files\Oracle\Java\javapath;C:\ProgramData\Oracle\Java\javapath;C:\Program Files (x86)\NVIDIA Corporation\PhysX\Common;C:\Program Files (x86)\Intel\iCLS Client\;C:\Program Files\Intel\iCLS Client\;C:\WINDOWS\system32;C:\WINDOWS;C:\WINDOWS\System32\Wbem;C:\WINDOWS\System32\WindowsPowerShell\v1.0\;C:\Program Files (x86)\Intel\Intel(R) Management Engine Components\DAL;C:\Program Files\Intel\Intel(R) Management Engine Components\DAL;C:\Program Files (x86)\Intel\Intel(R) Management Engine Components\IPT;C:\Program Files\Intel\Intel(R) Management Engine Components\IPT;c:\Program Files (x86)\ATI Technologies\ATI.ACE\Core-Static;C:\WINDOWS\system32\config\systemprofile\.dnx\bin;C:\Program Files\Microsoft DNX\Dnvm\;C:\Program Files\Microsoft SQL Server\130\Tools\Binn\;C:\Program Files\Common Files\Autodesk Shared\;C:\Program Files (x86)\Autodesk\Backburner\;C:\Program Files\Java\jdk1.7.0_79\bin;C:\Program Files (x86)\GtkSharp\2.12\bin;C:\Program Files\Git\cmd;C:\Program Files\Intel\WiFi\bin\;C:\Program Files\Common Files\Intel\WirelessCommon\;C:\WINDOWS\System32\OpenSSH\;C:\Users\Willian\AppData\Local\Microsoft\WindowsApps;
USERNAME=Willian
OS=Windows_NT
PROCESSOR_IDENTIFIER=Intel64 Family 6 Model 61 Stepping 4, GenuineIntel



---------------  S Y S T E M  ---------------

OS: Windows 10.0 , 64 bit Build 17134 (10.0.17134.1)

CPU:total 4 (2 cores per cpu, 2 threads per core) family 6 model 61 stepping 4, cmov, cx8, fxsr, mmx, sse, sse2, sse3, ssse3, sse4.1, sse4.2, popcnt, avx, avx2, aes, clmul, erms, 3dnowpref, lzcnt, ht, tsc, tscinvbit, bmi1, bmi2, adx

Memory: 4k page, physical 8301016k(894800k free), swap 8301016k(5120k free)

vm_info: Java HotSpot(TM) 64-Bit Server VM (25.101-b13) for windows-amd64 JRE (1.8.0_101-b13), built on Jun 22 2016 01:21:29 by "java_re" with MS VC++ 10.0 (VS2010)

time: Thu Sep 13 23:29:20 2018
elapsed time: 2 seconds (0d 0h 0m 2s)

