#
# There is insufficient memory for the Java Runtime Environment to continue.
# Native memory allocation (malloc) failed to allocate 1164704 bytes for Chunk::new
# Possible reasons:
#   The system is out of physical RAM or swap space
#   In 32 bit mode, the process size limit was hit
# Possible solutions:
#   Reduce memory load on the system
#   Increase physical memory or swap space
#   Check if swap backing store is full
#   Use 64 bit Java on a 64 bit OS
#   Decrease Java heap size (-Xmx/-Xms)
#   Decrease number of Java threads
#   Decrease Java thread stack sizes (-Xss)
#   Set larger code cache with -XX:ReservedCodeCacheSize=
# This output file may be truncated or incomplete.
#
#  Out of Memory Error (allocation.cpp:390), pid=6596, tid=0x0000000000002130
#
# JRE version: Java(TM) SE Runtime Environment (8.0_101-b13) (build 1.8.0_101-b13)
# Java VM: Java HotSpot(TM) 64-Bit Server VM (25.101-b13 mixed mode windows-amd64 compressed oops)
# Failed to write core dump. Minidumps are not enabled by default on client versions of Windows
#

---------------  T H R E A D  ---------------

Current thread (0x0000000016882800):  JavaThread "C2 CompilerThread1" daemon [_thread_in_native, id=8496, stack(0x0000000017ff0000,0x00000000180f0000)]

Stack: [0x0000000017ff0000,0x00000000180f0000]
[error occurred during error reporting (printing stack bounds), id 0xc0000005]

Native frames: (J=compiled Java code, j=interpreted, Vv=VM code, C=native code)


Current CompileTask:
C2:  79759 13446 %     4       com.android.tools.r8.ir.regalloc.LinearScanRegisterAllocator::computeDebugInfo @ 16 (1101 bytes)


---------------  P R O C E S S  ---------------

Java Threads: ( => current thread )
  0x00000000241c0000 JavaThread "pool-31-thread-2" [_thread_blocked, id=8696, stack(0x0000000029fa0000,0x000000002a0a0000)]
  0x00000000241c2000 JavaThread "pool-31-thread-1" [_thread_blocked, id=5028, stack(0x0000000029ea0000,0x0000000029fa0000)]
  0x00000000241c5000 JavaThread "pool-30-thread-2" [_thread_blocked, id=10340, stack(0x0000000029da0000,0x0000000029ea0000)]
  0x00000000241bf000 JavaThread "pool-30-thread-1" [_thread_blocked, id=9640, stack(0x0000000029ca0000,0x0000000029da0000)]
  0x00000000241c6000 JavaThread "pool-29-thread-2" [_thread_blocked, id=9260, stack(0x0000000029ba0000,0x0000000029ca0000)]
  0x00000000241be800 JavaThread "pool-29-thread-1" [_thread_blocked, id=6448, stack(0x0000000029aa0000,0x0000000029ba0000)]
  0x0000000019ea3800 JavaThread "ForkJoinPool.commonPool-worker-3" daemon [_thread_blocked, id=9428, stack(0x00000000267a0000,0x00000000268a0000)]
  0x0000000019ea3000 JavaThread "ForkJoinPool.commonPool-worker-2" daemon [_thread_in_native, id=12932, stack(0x00000000266a0000,0x00000000267a0000)]
  0x0000000019e99000 JavaThread "ForkJoinPool.commonPool-worker-1" daemon [_thread_blocked, id=8468, stack(0x00000000265a0000,0x00000000266a0000)]
  0x0000000019ea0000 JavaThread "Cache worker for Java compile cache (C:\Users\Willian\Documents\WillMaterialDesign\.gradle\4.4\javaCompile)" [_thread_blocked, id=9048, stack(0x00000000264a0000,0x00000000265a0000)]
  0x0000000019e9c000 JavaThread "Task worker for ':' Thread 3" [_thread_blocked, id=11180, stack(0x0000000023530000,0x0000000023630000)]
  0x0000000019e9f000 JavaThread "Task worker for ':' Thread 2" [_thread_blocked, id=11008, stack(0x0000000023430000,0x0000000023530000)]
  0x0000000019e9b800 JavaThread "Task worker for ':'" [_thread_blocked, id=9164, stack(0x0000000023330000,0x0000000023430000)]
  0x0000000019e98800 JavaThread "Cache worker for Build Output Cleanup Cache (C:\Users\Willian\Documents\WillMaterialDesign\.gradle\buildOutputCleanup)" [_thread_blocked, id=7628, stack(0x0000000021f90000,0x0000000022090000)]
  0x0000000019e9e800 JavaThread "Cache worker for task history cache (C:\Users\Willian\Documents\WillMaterialDesign\.gradle\4.4\taskHistory)" [_thread_blocked, id=9284, stack(0x0000000021e90000,0x0000000021f90000)]
  0x0000000019e9a000 JavaThread "Cache worker for file content cache (C:\Users\Willian\Documents\WillMaterialDesign\.gradle\4.4\fileContent)" [_thread_blocked, id=2696, stack(0x0000000021d90000,0x0000000021e90000)]
  0x0000000019e97800 JavaThread "Memory manager" [_thread_blocked, id=5688, stack(0x0000000021090000,0x0000000021190000)]
  0x0000000019e9a800 JavaThread "pool-1-thread-1" [_thread_blocked, id=4384, stack(0x0000000020d90000,0x0000000020e90000)]
  0x00000000199e6000 JavaThread "build operations Thread 4" [_thread_blocked, id=9204, stack(0x0000000020890000,0x0000000020990000)]
  0x00000000199e5800 JavaThread "build operations Thread 3" [_thread_blocked, id=4536, stack(0x0000000020790000,0x0000000020890000)]
  0x00000000199ec000 JavaThread "build operations Thread 2" [_thread_blocked, id=5292, stack(0x0000000020690000,0x0000000020790000)]
  0x00000000199eb800 JavaThread "build operations" [_thread_blocked, id=5972, stack(0x0000000020590000,0x0000000020690000)]
  0x00000000199e8800 JavaThread "Cache worker for Artifact transforms cache (C:\Users\Willian\.gradle\caches\transforms-1)" [_thread_blocked, id=13244, stack(0x000000001ee70000,0x000000001ef70000)]
  0x00000000199ea000 JavaThread "Cache worker for file hash cache (C:\Users\Willian\Documents\WillMaterialDesign\.gradle\4.4\fileHashes)" [_thread_blocked, id=2104, stack(0x000000001c520000,0x000000001c620000)]
  0x00000000199e7000 JavaThread "File lock request listener" [_thread_in_native, id=5696, stack(0x000000001c420000,0x000000001c520000)]
  0x00000000199e9000 JavaThread "Cache worker for file hash cache (C:\Users\Willian\.gradle\caches\4.4\fileHashes)" [_thread_blocked, id=8328, stack(0x000000001c320000,0x000000001c420000)]
  0x00000000197ba000 JavaThread "Asynchronous log dispatcher for DefaultDaemonConnection: socket connection from /127.0.0.1:56744 to /127.0.0.1:56745" [_thread_blocked, id=9120, stack(0x000000001af50000,0x000000001b050000)]
  0x00000000197b5800 JavaThread "Daemon worker" [_thread_blocked, id=2368, stack(0x000000001ae50000,0x000000001af50000)]
  0x00000000197c3000 JavaThread "Cancel handler" [_thread_blocked, id=6856, stack(0x000000001ad50000,0x000000001ae50000)]
  0x000000001979e800 JavaThread "Handler for socket connection from /127.0.0.1:56744 to /127.0.0.1:56745" [_thread_in_native, id=1344, stack(0x000000001aa50000,0x000000001ab50000)]
  0x000000001979e000 JavaThread "Daemon" [_thread_blocked, id=12788, stack(0x000000001a950000,0x000000001aa50000)]
  0x0000000019778000 JavaThread "Daemon periodic checks" [_thread_blocked, id=8960, stack(0x000000001a850000,0x000000001a950000)]
  0x000000001981c800 JavaThread "Incoming local TCP Connector on port 56744" [_thread_in_native, id=292, stack(0x000000001a600000,0x000000001a700000)]
  0x00000000195b7800 JavaThread "Daemon health stats" [_thread_blocked, id=7412, stack(0x0000000019fc0000,0x000000001a0c0000)]
  0x00000000168de800 JavaThread "Service Thread" daemon [_thread_blocked, id=9188, stack(0x00000000185f0000,0x00000000186f0000)]
  0x0000000016889000 JavaThread "C1 CompilerThread2" daemon [_thread_blocked, id=5544, stack(0x00000000180f0000,0x00000000181f0000)]
=>0x0000000016882800 JavaThread "C2 CompilerThread1" daemon [_thread_in_native, id=8496, stack(0x0000000017ff0000,0x00000000180f0000)]
  0x000000001687d000 JavaThread "C2 CompilerThread0" daemon [_thread_in_native, id=12592, stack(0x0000000017ef0000,0x0000000017ff0000)]
  0x000000001687b000 JavaThread "Attach Listener" daemon [_thread_blocked, id=5944, stack(0x0000000017df0000,0x0000000017ef0000)]
  0x000000001687a000 JavaThread "Signal Dispatcher" daemon [_thread_blocked, id=9296, stack(0x0000000017cf0000,0x0000000017df0000)]
  0x000000001686a800 JavaThread "Finalizer" daemon [_thread_blocked, id=7728, stack(0x0000000017ae0000,0x0000000017be0000)]
  0x0000000002e3f800 JavaThread "Reference Handler" daemon [_thread_blocked, id=10044, stack(0x00000000179e0000,0x0000000017ae0000)]
  0x000000000155e000 JavaThread "main" [_thread_blocked, id=8824, stack(0x0000000001450000,0x0000000001550000)]

Other Threads:
  0x0000000016848800 VMThread [stack: 0x00000000178e0000,0x00000000179e0000] [id=948]
  0x000000001821f000 WatcherThread [stack: 0x00000000186f0000,0x00000000187f0000] [id=10788]

VM state:at safepoint (normal execution)

VM Mutex/Monitor currently owned by a thread:  ([mutex/lock_event])
[0x000000000155cbd0] Threads_lock - owner thread: 0x0000000016848800
[0x000000000155d650] Heap_lock - owner thread: 0x00000000241c2000

Heap:
 PSYoungGen      total 438784K, used 416889K [0x00000000e0000000, 0x00000000fcb00000, 0x0000000100000000)
  eden space 411136K, 100% used [0x00000000e0000000,0x00000000f9180000,0x00000000f9180000)
  from space 27648K, 20% used [0x00000000f9180000,0x00000000f971e568,0x00000000fac80000)
  to   space 27648K, 9% used [0x00000000fac80000,0x00000000faf1c050,0x00000000fc780000)
 ParOldGen       total 127488K, used 43268K [0x00000000a0000000, 0x00000000a7c80000, 0x00000000e0000000)
  object space 127488K, 33% used [0x00000000a0000000,0x00000000a2a413c0,0x00000000a7c80000)
 Metaspace       used 72865K, capacity 75564K, committed 75904K, reserved 1114112K
  class space    used 9709K, capacity 10241K, committed 10368K, reserved 1048576K

Card table byte_map: [0x00000000122d0000,0x00000000125e0000] byte_map_base: 0x0000000011dd0000

Marking Bits: (ParMarkBitMap*) 0x000000006882a6d0
 Begin Bits: [0x0000000012be0000, 0x00000000143e0000)
 End Bits:   [0x00000000143e0000, 0x0000000015be0000)

Polling page: 0x0000000001020000

CodeCache: size=245760Kb used=38431Kb max_used=38431Kb free=207328Kb
 bounds [0x0000000002f10000, 0x00000000054d0000, 0x0000000011f10000]
 total_blobs=12565 nmethods=11747 adapters=728
 compilation: enabled

Compilation events (10 events):
Event: 79.664 Thread 0x0000000016889000 14210 %     3       com.android.tools.r8.ir.code.Phi::replaceOperand @ 2 (53 bytes)
Event: 79.665 Thread 0x0000000016889000 nmethod 14210% 0x00000000054bd750 code [0x00000000054bd920, 0x00000000054be038]
Event: 79.665 Thread 0x0000000016889000 14211       3       com.android.tools.r8.ir.code.Phi::replaceOperand (53 bytes)
Event: 79.666 Thread 0x0000000016889000 nmethod 14211 0x00000000054be350 code [0x00000000054be500, 0x00000000054beb78]
Event: 79.714 Thread 0x0000000016889000 14213       3       com.android.tools.r8.ir.regalloc.LinearScanRegisterAllocator::allocateLinkedIntervals (344 bytes)
Event: 79.717 Thread 0x0000000016889000 nmethod 14213 0x00000000054bee50 code [0x00000000054bf200, 0x00000000054c0f08]
Event: 79.720 Thread 0x0000000016889000 14215       2       com.android.tools.r8.ir.code.ConstClass::canBeDeadCode (23 bytes)
Event: 79.720 Thread 0x0000000016889000 nmethod 14215 0x00000000054c2010 code [0x00000000054c2160, 0x00000000054c22d0]
Event: 79.727 Thread 0x0000000016889000 14216       2       java.util.PriorityQueue::clear (39 bytes)
Event: 79.727 Thread 0x0000000016889000 nmethod 14216 0x00000000054c23d0 code [0x00000000054c2540, 0x00000000054c2730]

GC Heap History (10 events):
Event: 66.687 GC heap before
{Heap before GC invocations=16 (full 3):
 PSYoungGen      total 256512K, used 233984K [0x00000000e0000000, 0x00000000f1d80000, 0x0000000100000000)
  eden space 233984K, 100% used [0x00000000e0000000,0x00000000ee480000,0x00000000ee480000)
  from space 22528K, 0% used [0x00000000efb80000,0x00000000efb80000,0x00000000f1180000)
  to   space 23552K, 0% used [0x00000000ee480000,0x00000000ee480000,0x00000000efb80000)
 ParOldGen       total 127488K, used 30311K [0x00000000a0000000, 0x00000000a7c80000, 0x00000000e0000000)
  object space 127488K, 23% used [0x00000000a0000000,0x00000000a1d99eb8,0x00000000a7c80000)
 Metaspace       used 68768K, capacity 71030K, committed 71296K, reserved 1110016K
  class space    used 9301K, capacity 9804K, committed 9856K, reserved 1048576K
Event: 66.768 GC heap after
Heap after GC invocations=16 (full 3):
 PSYoungGen      total 257536K, used 23540K [0x00000000e0000000, 0x00000000f5d80000, 0x0000000100000000)
  eden space 233984K, 0% used [0x00000000e0000000,0x00000000e0000000,0x00000000ee480000)
  from space 23552K, 99% used [0x00000000ee480000,0x00000000efb7d370,0x00000000efb80000)
  to   space 27136K, 0% used [0x00000000f4300000,0x00000000f4300000,0x00000000f5d80000)
 ParOldGen       total 127488K, used 31982K [0x00000000a0000000, 0x00000000a7c80000, 0x00000000e0000000)
  object space 127488K, 25% used [0x00000000a0000000,0x00000000a1f3bac0,0x00000000a7c80000)
 Metaspace       used 68768K, capacity 71030K, committed 71296K, reserved 1110016K
  class space    used 9301K, capacity 9804K, committed 9856K, reserved 1048576K
}
Event: 69.978 GC heap before
{Heap before GC invocations=17 (full 3):
 PSYoungGen      total 257536K, used 257524K [0x00000000e0000000, 0x00000000f5d80000, 0x0000000100000000)
  eden space 233984K, 100% used [0x00000000e0000000,0x00000000ee480000,0x00000000ee480000)
  from space 23552K, 99% used [0x00000000ee480000,0x00000000efb7d370,0x00000000efb80000)
  to   space 27136K, 0% used [0x00000000f4300000,0x00000000f4300000,0x00000000f5d80000)
 ParOldGen       total 127488K, used 31982K [0x00000000a0000000, 0x00000000a7c80000, 0x00000000e0000000)
  object space 127488K, 25% used [0x00000000a0000000,0x00000000a1f3bac0,0x00000000a7c80000)
 Metaspace       used 71416K, capacity 73770K, committed 73856K, reserved 1114112K
  class space    used 9560K, capacity 10084K, committed 10112K, reserved 1048576K
Event: 70.045 GC heap after
Heap after GC invocations=17 (full 3):
 PSYoungGen      total 328704K, used 21497K [0x00000000e0000000, 0x00000000f6d00000, 0x0000000100000000)
  eden space 301568K, 0% used [0x00000000e0000000,0x00000000e0000000,0x00000000f2680000)
  from space 27136K, 79% used [0x00000000f4300000,0x00000000f57fe700,0x00000000f5d80000)
  to   space 29184K, 0% used [0x00000000f2680000,0x00000000f2680000,0x00000000f4300000)
 ParOldGen       total 127488K, used 31990K [0x00000000a0000000, 0x00000000a7c80000, 0x00000000e0000000)
  object space 127488K, 25% used [0x00000000a0000000,0x00000000a1f3dac0,0x00000000a7c80000)
 Metaspace       used 71416K, capacity 73770K, committed 73856K, reserved 1114112K
  class space    used 9560K, capacity 10084K, committed 10112K, reserved 1048576K
}
Event: 72.178 GC heap before
{Heap before GC invocations=18 (full 3):
 PSYoungGen      total 328704K, used 323065K [0x00000000e0000000, 0x00000000f6d00000, 0x0000000100000000)
  eden space 301568K, 100% used [0x00000000e0000000,0x00000000f2680000,0x00000000f2680000)
  from space 27136K, 79% used [0x00000000f4300000,0x00000000f57fe700,0x00000000f5d80000)
  to   space 29184K, 0% used [0x00000000f2680000,0x00000000f2680000,0x00000000f4300000)
 ParOldGen       total 127488K, used 31990K [0x00000000a0000000, 0x00000000a7c80000, 0x00000000e0000000)
  object space 127488K, 25% used [0x00000000a0000000,0x00000000a1f3dac0,0x00000000a7c80000)
 Metaspace       used 72637K, capacity 75348K, committed 75648K, reserved 1114112K
  class space    used 9708K, capacity 10241K, committed 10368K, reserved 1048576K
Event: 72.215 GC heap after
Heap after GC invocations=18 (full 3):
 PSYoungGen      total 330752K, used 14056K [0x00000000e0000000, 0x00000000fc780000, 0x0000000100000000)
  eden space 301568K, 0% used [0x00000000e0000000,0x00000000e0000000,0x00000000f2680000)
  from space 29184K, 48% used [0x00000000f2680000,0x00000000f343a168,0x00000000f4300000)
  to   space 27648K, 0% used [0x00000000fac80000,0x00000000fac80000,0x00000000fc780000)
 ParOldGen       total 127488K, used 31998K [0x00000000a0000000, 0x00000000a7c80000, 0x00000000e0000000)
  object space 127488K, 25% used [0x00000000a0000000,0x00000000a1f3fac0,0x00000000a7c80000)
 Metaspace       used 72637K, capacity 75348K, committed 75648K, reserved 1114112K
  class space    used 9708K, capacity 10241K, committed 10368K, reserved 1048576K
}
Event: 74.558 GC heap before
{Heap before GC invocations=19 (full 3):
 PSYoungGen      total 330752K, used 315624K [0x00000000e0000000, 0x00000000fc780000, 0x0000000100000000)
  eden space 301568K, 100% used [0x00000000e0000000,0x00000000f2680000,0x00000000f2680000)
  from space 29184K, 48% used [0x00000000f2680000,0x00000000f343a168,0x00000000f4300000)
  to   space 27648K, 0% used [0x00000000fac80000,0x00000000fac80000,0x00000000fc780000)
 ParOldGen       total 127488K, used 31998K [0x00000000a0000000, 0x00000000a7c80000, 0x00000000e0000000)
  object space 127488K, 25% used [0x00000000a0000000,0x00000000a1f3fac0,0x00000000a7c80000)
 Metaspace       used 72753K, capacity 75428K, committed 75648K, reserved 1114112K
  class space    used 9709K, capacity 10241K, committed 10368K, reserved 1048576K
Event: 74.598 GC heap after
Heap after GC invocations=19 (full 3):
 PSYoungGen      total 438784K, used 4627K [0x00000000e0000000, 0x00000000fcb00000, 0x0000000100000000)
  eden space 411136K, 0% used [0x00000000e0000000,0x00000000e0000000,0x00000000f9180000)
  from space 27648K, 16% used [0x00000000fac80000,0x00000000fb104e80,0x00000000fc780000)
  to   space 27648K, 0% used [0x00000000f9180000,0x00000000f9180000,0x00000000fac80000)
 ParOldGen       total 127488K, used 43108K [0x00000000a0000000, 0x00000000a7c80000, 0x00000000e0000000)
  object space 127488K, 33% used [0x00000000a0000000,0x00000000a2a193c0,0x00000000a7c80000)
 Metaspace       used 72753K, capacity 75428K, committed 75648K, reserved 1114112K
  class space    used 9709K, capacity 10241K, committed 10368K, reserved 1048576K
}
Event: 77.443 GC heap before
{Heap before GC invocations=20 (full 3):
 PSYoungGen      total 438784K, used 415763K [0x00000000e0000000, 0x00000000fcb00000, 0x0000000100000000)
  eden space 411136K, 100% used [0x00000000e0000000,0x00000000f9180000,0x00000000f9180000)
  from space 27648K, 16% used [0x00000000fac80000,0x00000000fb104e80,0x00000000fc780000)
  to   space 27648K, 0% used [0x00000000f9180000,0x00000000f9180000,0x00000000fac80000)
 ParOldGen       total 127488K, used 43108K [0x00000000a0000000, 0x00000000a7c80000, 0x00000000e0000000)
  object space 127488K, 33% used [0x00000000a0000000,0x00000000a2a193c0,0x00000000a7c80000)
 Metaspace       used 72814K, capacity 75496K, committed 75648K, reserved 1114112K
  class space    used 9709K, capacity 10241K, committed 10368K, reserved 1048576K
Event: 77.478 GC heap after
Heap after GC invocations=20 (full 3):
 PSYoungGen      total 438784K, used 5753K [0x00000000e0000000, 0x00000000fcb00000, 0x0000000100000000)
  eden space 411136K, 0% used [0x00000000e0000000,0x00000000e0000000,0x00000000f9180000)
  from space 27648K, 20% used [0x00000000f9180000,0x00000000f971e568,0x00000000fac80000)
  to   space 27648K, 0% used [0x00000000fac80000,0x00000000fac80000,0x00000000fc780000)
 ParOldGen       total 127488K, used 43260K [0x00000000a0000000, 0x00000000a7c80000, 0x00000000e0000000)
  object space 127488K, 33% used [0x00000000a0000000,0x00000000a2a3f3c0,0x00000000a7c80000)
 Metaspace       used 72814K, capacity 75496K, committed 75648K, reserved 1114112K
  class space    used 9709K, capacity 10241K, committed 10368K, reserved 1048576K
}

Deoptimization events (10 events):
Event: 77.493 Thread 0x0000000019e99000 Uncommon trap: reason=array_check action=maybe_recompile pc=0x0000000005443534 method=java.util.TimSort.reverseRange([Ljava/lang/Object;II)V @ 27
Event: 77.573 Thread 0x00000000241be800 Uncommon trap: reason=unstable_if action=reinterpret pc=0x0000000004d77204 method=com.android.tools.r8.ir.conversion.JarSourceCode.getTryHandlers(Lcom/android/tools/r8/org/objectweb/asm/tree/AbstractInsnNode;)Ljava/util/List; @ 80
Event: 77.574 Thread 0x00000000241be800 Uncommon trap: reason=unstable_if action=reinterpret pc=0x000000000538b640 method=com.android.tools.r8.ir.conversion.JarSourceCode.getTryHandlers(Lcom/android/tools/r8/org/objectweb/asm/tree/AbstractInsnNode;)Ljava/util/List; @ 80
Event: 77.585 Thread 0x00000000241c6000 Uncommon trap: reason=unstable_if action=reinterpret pc=0x00000000053e9a40 method=com.android.tools.r8.ir.regalloc.LinearScanRegisterAllocator.allocateSingleInterval(Lcom/android/tools/r8/ir/regalloc/LiveIntervals;Lcom/android/tools/r8/ir/regalloc/LinearSc
Event: 78.287 Thread 0x00000000241c6000 Uncommon trap: reason=unstable_if action=reinterpret pc=0x0000000004a72ba8 method=com.android.tools.r8.graph.DexString.countBytes(Ljava/lang/String;)I @ 25
Event: 78.289 Thread 0x00000000241c6000 Uncommon trap: reason=unstable_if action=reinterpret pc=0x0000000003db44d0 method=com.android.tools.r8.graph.DexString.decode()Ljava/lang/String; @ 53
Event: 78.897 Thread 0x00000000241c2000 Uncommon trap: reason=unstable_if action=reinterpret pc=0x00000000047a64c0 method=com.android.tools.r8.utils.IdentifierUtils.isSimpleNameChar(C)Z @ 51
Event: 79.531 Thread 0x00000000241c5000 Uncommon trap: reason=class_check action=maybe_recompile pc=0x000000000537cce4 method=com.android.tools.r8.ir.conversion.JarState$LocalsAtOffset.isLive(Lcom/android/tools/r8/graph/DebugLocalInfo;)Z @ 4
Event: 79.531 Thread 0x00000000241c5000 Uncommon trap: reason=class_check action=maybe_recompile pc=0x000000000537cce4 method=com.android.tools.r8.ir.conversion.JarState$LocalsAtOffset.isLive(Lcom/android/tools/r8/graph/DebugLocalInfo;)Z @ 4
Event: 79.531 Thread 0x00000000241c5000 Uncommon trap: reason=class_check action=maybe_recompile pc=0x000000000537cce4 method=com.android.tools.r8.ir.conversion.JarState$LocalsAtOffset.isLive(Lcom/android/tools/r8/graph/DebugLocalInfo;)Z @ 4

Internal exceptions (10 events):
Event: 62.822 Thread 0x0000000019e9b800 Exception <a 'sun/nio/fs/WindowsException'> (0x00000000eb20ec60) thrown at [C:\re\workspace\8-2-build-windows-amd64-cygwin\jdk8u101\7261\hotspot\src\share\vm\prims\jni.cpp, line 709]
Event: 62.822 Thread 0x0000000019e9b800 Exception <a 'sun/nio/fs/WindowsException'> (0x00000000eb20f7c0) thrown at [C:\re\workspace\8-2-build-windows-amd64-cygwin\jdk8u101\7261\hotspot\src\share\vm\prims\jni.cpp, line 709]
Event: 62.823 Thread 0x0000000019e9b800 Exception <a 'sun/nio/fs/WindowsException'> (0x00000000eb210d58) thrown at [C:\re\workspace\8-2-build-windows-amd64-cygwin\jdk8u101\7261\hotspot\src\share\vm\prims\jni.cpp, line 709]
Event: 62.837 Thread 0x0000000019e9b800 Exception <a 'sun/nio/fs/WindowsException'> (0x00000000eb23f5b0) thrown at [C:\re\workspace\8-2-build-windows-amd64-cygwin\jdk8u101\7261\hotspot\src\share\vm\prims\jni.cpp, line 709]
Event: 62.837 Thread 0x0000000019e9b800 Exception <a 'sun/nio/fs/WindowsException'> (0x00000000eb240110) thrown at [C:\re\workspace\8-2-build-windows-amd64-cygwin\jdk8u101\7261\hotspot\src\share\vm\prims\jni.cpp, line 709]
Event: 62.838 Thread 0x0000000019e9b800 Exception <a 'sun/nio/fs/WindowsException'> (0x00000000eb241678) thrown at [C:\re\workspace\8-2-build-windows-amd64-cygwin\jdk8u101\7261\hotspot\src\share\vm\prims\jni.cpp, line 709]
Event: 62.936 Thread 0x0000000019ea3800 Exception <a 'java/lang/NoSuchMethodError': java.lang.Object.lambda$static$0(Ljava/lang/String;)Z> (0x00000000eb6f2690) thrown at [C:\re\workspace\8-2-build-windows-amd64-cygwin\jdk8u101\7261\hotspot\src\share\vm\interpreter\linkResolver.cpp, line 582]
Event: 68.402 Thread 0x0000000019ea1800 Implicit null exception at 0x0000000004b261dc to 0x0000000004b26231
Event: 73.761 Thread 0x0000000019ea1800 Implicit null exception at 0x000000000517d57c to 0x000000000518033d
Event: 76.000 Thread 0x00000000241c4800 Implicit null exception at 0x00000000052cb1ca to 0x00000000052cc851

Events (10 events):
Event: 79.591 Executing VM operation: RevokeBias
Event: 79.596 Executing VM operation: RevokeBias done
Event: 79.597 Executing VM operation: RevokeBias
Event: 79.597 Executing VM operation: RevokeBias done
Event: 79.622 Thread 0x00000000241bf000 DEOPT PACKING pc=0x00000000040fdaba sp=0x0000000029d9e5b0
Event: 79.622 Thread 0x00000000241bf000 DEOPT UNPACKING pc=0x0000000002f5787f sp=0x0000000029d9e300 mode 0
Event: 79.666 Thread 0x00000000241c5000 DEOPT PACKING pc=0x0000000004fe8e92 sp=0x0000000029e9ed70
Event: 79.666 Thread 0x00000000241c5000 DEOPT UNPACKING pc=0x0000000002f5787f sp=0x0000000029e9ead0 mode 0
Event: 79.717 Thread 0x00000000241bf000 DEOPT PACKING pc=0x0000000004d3fad5 sp=0x0000000029d9e7f0
Event: 79.717 Thread 0x00000000241bf000 DEOPT UNPACKING pc=0x0000000002f5787f sp=0x0000000029d9e580 mode 0


Dynamic libraries:
0x00007ff726650000 - 0x00007ff726687000 	C:\Program Files\Java\jdk1.8.0_101\bin\java.exe
0x00007ffc577a0000 - 0x00007ffc57981000 	C:\WINDOWS\SYSTEM32\ntdll.dll
0x00007ffc554e0000 - 0x00007ffc55592000 	C:\WINDOWS\System32\KERNEL32.DLL
0x00007ffc54810000 - 0x00007ffc54a83000 	C:\WINDOWS\System32\KERNELBASE.dll
0x00007ffc54e80000 - 0x00007ffc54f21000 	C:\WINDOWS\System32\ADVAPI32.dll
0x00007ffc54c30000 - 0x00007ffc54cce000 	C:\WINDOWS\System32\msvcrt.dll
0x00007ffc56ef0000 - 0x00007ffc56f4b000 	C:\WINDOWS\System32\sechost.dll
0x00007ffc54cd0000 - 0x00007ffc54df4000 	C:\WINDOWS\System32\RPCRT4.dll
0x00007ffc55920000 - 0x00007ffc55ab0000 	C:\WINDOWS\System32\USER32.dll
0x00007ffc53cc0000 - 0x00007ffc53ce0000 	C:\WINDOWS\System32\win32u.dll
0x00007ffc57740000 - 0x00007ffc57768000 	C:\WINDOWS\System32\GDI32.dll
0x00007ffc54a90000 - 0x00007ffc54c22000 	C:\WINDOWS\System32\gdi32full.dll
0x00007ffc53c20000 - 0x00007ffc53cbf000 	C:\WINDOWS\System32\msvcp_win.dll
0x00007ffc53ed0000 - 0x00007ffc53fca000 	C:\WINDOWS\System32\ucrtbase.dll
0x00007ffc4b9e0000 - 0x00007ffc4bc49000 	C:\WINDOWS\WinSxS\amd64_microsoft.windows.common-controls_6595b64144ccf1df_6.0.17134.228_none_fb4599993062b194\COMCTL32.dll
0x00007ffc57370000 - 0x00007ffc57693000 	C:\WINDOWS\System32\combase.dll
0x00007ffc54790000 - 0x00007ffc5480a000 	C:\WINDOWS\System32\bcryptPrimitives.dll
0x00007ffc57010000 - 0x00007ffc5703d000 	C:\WINDOWS\System32\IMM32.DLL
0x00000000688b0000 - 0x0000000068982000 	C:\Program Files\Java\jdk1.8.0_101\jre\bin\msvcr100.dll
0x0000000068010000 - 0x00000000688aa000 	C:\Program Files\Java\jdk1.8.0_101\jre\bin\server\jvm.dll
0x00007ffc553e0000 - 0x00007ffc553e8000 	C:\WINDOWS\System32\PSAPI.DLL
0x00007ffc45d60000 - 0x00007ffc45d69000 	C:\WINDOWS\SYSTEM32\WSOCK32.dll
0x00007ffc4ceb0000 - 0x00007ffc4ced3000 	C:\WINDOWS\SYSTEM32\WINMM.dll
0x00007ffc54e10000 - 0x00007ffc54e7c000 	C:\WINDOWS\System32\WS2_32.dll
0x00007ffc4a300000 - 0x00007ffc4a30a000 	C:\WINDOWS\SYSTEM32\VERSION.dll
0x00007ffc4ce80000 - 0x00007ffc4ceaa000 	C:\WINDOWS\SYSTEM32\WINMMBASE.dll
0x00007ffc53bd0000 - 0x00007ffc53c19000 	C:\WINDOWS\System32\cfgmgr32.dll
0x0000000068000000 - 0x000000006800f000 	C:\Program Files\Java\jdk1.8.0_101\jre\bin\verify.dll
0x0000000067fd0000 - 0x0000000067ff9000 	C:\Program Files\Java\jdk1.8.0_101\jre\bin\java.dll
0x0000000067fb0000 - 0x0000000067fc6000 	C:\Program Files\Java\jdk1.8.0_101\jre\bin\zip.dll
0x00007ffc55ab0000 - 0x00007ffc56ef0000 	C:\WINDOWS\System32\SHELL32.dll
0x00007ffc56f60000 - 0x00007ffc57009000 	C:\WINDOWS\System32\shcore.dll
0x00007ffc53fd0000 - 0x00007ffc546dd000 	C:\WINDOWS\System32\windows.storage.dll
0x00007ffc55380000 - 0x00007ffc553d1000 	C:\WINDOWS\System32\shlwapi.dll
0x00007ffc53b30000 - 0x00007ffc53b41000 	C:\WINDOWS\System32\kernel.appcore.dll
0x00007ffc53b50000 - 0x00007ffc53b6f000 	C:\WINDOWS\System32\profapi.dll
0x00007ffc53ac0000 - 0x00007ffc53b0c000 	C:\WINDOWS\System32\powrprof.dll
0x00007ffc53ab0000 - 0x00007ffc53aba000 	C:\WINDOWS\System32\FLTLIB.DLL
0x0000000067f90000 - 0x0000000067faa000 	C:\Program Files\Java\jdk1.8.0_101\jre\bin\net.dll
0x00007ffc532d0000 - 0x00007ffc53336000 	C:\WINDOWS\system32\mswsock.dll
0x0000000067f70000 - 0x0000000067f81000 	C:\Program Files\Java\jdk1.8.0_101\jre\bin\nio.dll
0x00007ffc428e0000 - 0x00007ffc428fe000 	C:\Users\Willian\.gradle\native\25\windows-amd64\native-platform.dll
0x0000000067f60000 - 0x0000000067f6d000 	C:\Program Files\Java\jdk1.8.0_101\jre\bin\management.dll
0x00007ffc53480000 - 0x00007ffc53497000 	C:\WINDOWS\SYSTEM32\CRYPTSP.dll
0x00007ffc52eb0000 - 0x00007ffc52ee3000 	C:\WINDOWS\system32\rsaenh.dll
0x00007ffc53610000 - 0x00007ffc53635000 	C:\WINDOWS\SYSTEM32\bcrypt.dll
0x00007ffc539b0000 - 0x00007ffc539d8000 	C:\WINDOWS\SYSTEM32\USERENV.dll
0x00007ffc534a0000 - 0x00007ffc534ab000 	C:\WINDOWS\SYSTEM32\CRYPTBASE.dll
0x00007ffc53050000 - 0x00007ffc53088000 	C:\WINDOWS\SYSTEM32\IPHLPAPI.DLL
0x00007ffc54e00000 - 0x00007ffc54e08000 	C:\WINDOWS\System32\NSI.dll
0x00007ffc4dd30000 - 0x00007ffc4dd46000 	C:\WINDOWS\SYSTEM32\dhcpcsvc6.DLL
0x00007ffc4d6a0000 - 0x00007ffc4d6ba000 	C:\WINDOWS\SYSTEM32\dhcpcsvc.DLL

VM Arguments:
jvm_args: -Xmx1536m -Dfile.encoding=windows-1252 -Duser.country=BR -Duser.language=pt -Duser.variant 
java_command: org.gradle.launcher.daemon.bootstrap.GradleDaemon 4.4
java_class_path (initial): C:\Users\Willian\.gradle\wrapper\dists\gradle-4.4-all\9br9xq1tocpiv8o6njlyu5op1\gradle-4.4\lib\gradle-launcher-4.4.jar
Launcher Type: SUN_STANDARD

Environment Variables:
PATH=C:\Program Files (x86)\Common Files\Oracle\Java\javapath;C:\ProgramData\Oracle\Java\javapath;C:\Program Files (x86)\NVIDIA Corporation\PhysX\Common;C:\Program Files (x86)\Intel\iCLS Client\;C:\Program Files\Intel\iCLS Client\;C:\WINDOWS\system32;C:\WINDOWS;C:\WINDOWS\System32\Wbem;C:\WINDOWS\System32\WindowsPowerShell\v1.0\;C:\Program Files (x86)\Intel\Intel(R) Management Engine Components\DAL;C:\Program Files\Intel\Intel(R) Management Engine Components\DAL;C:\Program Files (x86)\Intel\Intel(R) Management Engine Components\IPT;C:\Program Files\Intel\Intel(R) Management Engine Components\IPT;c:\Program Files (x86)\ATI Technologies\ATI.ACE\Core-Static;C:\WINDOWS\system32\config\systemprofile\.dnx\bin;C:\Program Files\Microsoft DNX\Dnvm\;C:\Program Files\Microsoft SQL Server\130\Tools\Binn\;C:\Program Files\Common Files\Autodesk Shared\;C:\Program Files (x86)\Autodesk\Backburner\;C:\Program Files\Java\jdk1.7.0_79\bin;C:\Program Files (x86)\GtkSharp\2.12\bin;C:\Program Files\Git\cmd;C:\Program Files\Intel\WiFi\bin\;C:\Program Files\Common Files\Intel\WirelessCommon\;C:\WINDOWS\System32\OpenSSH\;C:\Users\Willian\AppData\Local\Microsoft\WindowsApps;
USERNAME=Willian
OS=Windows_NT
PROCESSOR_IDENTIFIER=Intel64 Family 6 Model 61 Stepping 4, GenuineIntel



---------------  S Y S T E M  ---------------

OS: Windows 10.0 , 64 bit Build 17134 (10.0.17134.1)

CPU:total 4 (2 cores per cpu, 2 threads per core) family 6 model 61 stepping 4, cmov, cx8, fxsr, mmx, sse, sse2, sse3, ssse3, sse4.1, sse4.2, popcnt, avx, avx2, aes, clmul, erms, 3dnowpref, lzcnt, ht, tsc, tscinvbit, bmi1, bmi2, adx

Memory: 4k page, physical 8301016k(1290492k free), swap 8301016k(26300k free)

vm_info: Java HotSpot(TM) 64-Bit Server VM (25.101-b13) for windows-amd64 JRE (1.8.0_101-b13), built on Jun 22 2016 01:21:29 by "java_re" with MS VC++ 10.0 (VS2010)

time: Sat Sep 01 17:10:09 2018
elapsed time: 79 seconds (0d 0h 1m 19s)

