#
# There is insufficient memory for the Java Runtime Environment to continue.
# Native memory allocation (malloc) failed to allocate 1024736 bytes for Chunk::new
# Possible reasons:
#   The system is out of physical RAM or swap space
#   In 32 bit mode, the process size limit was hit
# Possible solutions:
#   Reduce memory load on the system
#   Increase physical memory or swap space
#   Check if swap backing store is full
#   Use 64 bit Java on a 64 bit OS
#   Decrease Java heap size (-Xmx/-Xms)
#   Decrease number of Java threads
#   Decrease Java thread stack sizes (-Xss)
#   Set larger code cache with -XX:ReservedCodeCacheSize=
# This output file may be truncated or incomplete.
#
#  Out of Memory Error (allocation.cpp:390), pid=12536, tid=0x0000000000002380
#
# JRE version: Java(TM) SE Runtime Environment (8.0_101-b13) (build 1.8.0_101-b13)
# Java VM: Java HotSpot(TM) 64-Bit Server VM (25.101-b13 mixed mode windows-amd64 compressed oops)
# Failed to write core dump. Minidumps are not enabled by default on client versions of Windows
#

---------------  T H R E A D  ---------------

Current thread (0x000000001641f000):  JavaThread "C2 CompilerThread0" daemon [_thread_in_native, id=9088, stack(0x0000000017a90000,0x0000000017b90000)]

Stack: [0x0000000017a90000,0x0000000017b90000]
[error occurred during error reporting (printing stack bounds), id 0xc0000005]

Native frames: (J=compiled Java code, j=interpreted, Vv=VM code, C=native code)


Current CompileTask:
C2:3135513 23441       4       org.gradle.internal.graph.CachingDirectedGraphWalker::doSearch (650 bytes)


---------------  P R O C E S S  ---------------

Java Threads: ( => current thread )
  0x000000001f538800 JavaThread "Task worker for ':' Thread 3" [_thread_blocked, id=9528, stack(0x000000003d770000,0x000000003d870000)]
  0x000000001f535800 JavaThread "Task worker for ':' Thread 2" [_thread_blocked, id=2932, stack(0x000000003d670000,0x000000003d770000)]
  0x000000001f538000 JavaThread "Task worker for ':'" [_thread_blocked, id=5412, stack(0x000000003d570000,0x000000003d670000)]
  0x000000001f535000 JavaThread "Cache worker for Build Output Cleanup Cache (C:\Users\Willian\Desktop\WillMaterialDesign\.gradle\buildOutputCleanup)" [_thread_blocked, id=8528, stack(0x000000003d470000,0x000000003d570000)]
  0x000000001f537000 JavaThread "Cache worker for task history cache (C:\Users\Willian\Desktop\WillMaterialDesign\.gradle\4.4\taskHistory)" [_thread_blocked, id=1572, stack(0x000000003d370000,0x000000003d470000)]
  0x000000001f533800 JavaThread "Cache worker for file content cache (C:\Users\Willian\Desktop\WillMaterialDesign\.gradle\4.4\fileContent)" [_thread_blocked, id=7352, stack(0x000000003d270000,0x000000003d370000)]
  0x000000001f534000 JavaThread "build operations Thread 4" [_thread_blocked, id=12444, stack(0x000000003d170000,0x000000003d270000)]
  0x000000001f52a800 JavaThread "build operations Thread 3" [_thread_blocked, id=3148, stack(0x000000003d070000,0x000000003d170000)]
  0x000000001f52c800 JavaThread "build operations Thread 2" [_thread_blocked, id=684, stack(0x000000003cf70000,0x000000003d070000)]
  0x000000001f531000 JavaThread "build operations" [_thread_blocked, id=12856, stack(0x000000003ce70000,0x000000003cf70000)]
  0x000000001f52c000 JavaThread "Cache worker for Artifact transforms cache (C:\Users\Willian\.gradle\caches\transforms-1)" [_thread_blocked, id=9664, stack(0x000000003cd70000,0x000000003ce70000)]
  0x000000001f529800 JavaThread "Cache worker for file hash cache (C:\Users\Willian\Desktop\WillMaterialDesign\.gradle\4.4\fileHashes)" [_thread_blocked, id=6332, stack(0x000000003cc70000,0x000000003cd70000)]
  0x000000001f52f000 JavaThread "Stdin handler" [_thread_blocked, id=5184, stack(0x000000003cb70000,0x000000003cc70000)]
  0x000000001f52e000 JavaThread "Asynchronous log dispatcher for DefaultDaemonConnection: socket connection from /127.0.0.1:52935 to /127.0.0.1:53304" [_thread_blocked, id=9824, stack(0x000000003ca70000,0x000000003cb70000)]
  0x000000001f530800 JavaThread "Cancel handler" [_thread_blocked, id=860, stack(0x000000003c970000,0x000000003ca70000)]
  0x000000001f52b000 JavaThread "Handler for socket connection from /127.0.0.1:52935 to /127.0.0.1:53304" [_thread_in_native, id=5164, stack(0x000000003c870000,0x000000003c970000)]
  0x000000001b096800 JavaThread "Daemon worker Thread 8" [_thread_in_native, id=9956, stack(0x000000003ae70000,0x000000003af70000)]
  0x000000001b095000 JavaThread "Daemon Thread 8" [_thread_blocked, id=10144, stack(0x000000003ab70000,0x000000003ac70000)]
  0x000000001b0b1000 JavaThread "Java2D Disposer" daemon [_thread_blocked, id=3108, stack(0x0000000025770000,0x0000000025870000)]
  0x000000001f532000 JavaThread "Memory manager" [_thread_blocked, id=1304, stack(0x0000000021ee0000,0x0000000021fe0000)]
  0x000000001f52f800 JavaThread "pool-1-thread-1" [_thread_blocked, id=8684, stack(0x0000000021de0000,0x0000000021ee0000)]
  0x00000000187d8000 JavaThread "File lock request listener" [_thread_in_native, id=8112, stack(0x000000001bfc0000,0x000000001c0c0000)]
  0x00000000187d7800 JavaThread "Cache worker for file hash cache (C:\Users\Willian\.gradle\caches\4.4\fileHashes)" [_thread_blocked, id=9672, stack(0x000000001aef0000,0x000000001aff0000)]
  0x0000000019448000 JavaThread "Daemon periodic checks" [_thread_blocked, id=11472, stack(0x000000001a3f0000,0x000000001a4f0000)]
  0x0000000019437800 JavaThread "Incoming local TCP Connector on port 52935" [_thread_in_native, id=12304, stack(0x000000001a1a0000,0x000000001a2a0000)]
  0x0000000019202800 JavaThread "Daemon health stats" [_thread_blocked, id=448, stack(0x0000000019b60000,0x0000000019c60000)]
  0x000000001647d800 JavaThread "Service Thread" daemon [_thread_blocked, id=9436, stack(0x0000000018190000,0x0000000018290000)]
  0x000000001642a000 JavaThread "C1 CompilerThread2" daemon [_thread_in_native, id=800, stack(0x0000000017c90000,0x0000000017d90000)]
  0x0000000016424800 JavaThread "C2 CompilerThread1" daemon [_thread_blocked, id=5752, stack(0x0000000017b90000,0x0000000017c90000)]
=>0x000000001641f000 JavaThread "C2 CompilerThread0" daemon [_thread_in_native, id=9088, stack(0x0000000017a90000,0x0000000017b90000)]
  0x000000001641e000 JavaThread "Attach Listener" daemon [_thread_blocked, id=10852, stack(0x0000000017990000,0x0000000017a90000)]
  0x000000001641b000 JavaThread "Signal Dispatcher" daemon [_thread_blocked, id=10404, stack(0x0000000017890000,0x0000000017990000)]
  0x000000001640a800 JavaThread "Finalizer" daemon [_thread_blocked, id=12864, stack(0x0000000017680000,0x0000000017780000)]
  0x0000000002a9f800 JavaThread "Reference Handler" daemon [_thread_blocked, id=4204, stack(0x0000000017580000,0x0000000017680000)]
  0x00000000029ae000 JavaThread "main" [_thread_blocked, id=8328, stack(0x0000000002870000,0x0000000002970000)]

Other Threads:
  0x00000000163e7800 VMThread [stack: 0x0000000017480000,0x0000000017580000] [id=4492]
  0x0000000017df1800 WatcherThread [stack: 0x0000000018290000,0x0000000018390000] [id=6976]

VM state:not at safepoint (normal execution)

VM Mutex/Monitor currently owned by a thread: None

Heap:
 PSYoungGen      total 439296K, used 66959K [0x00000000e0000000, 0x00000000fd300000, 0x0000000100000000)
  eden space 400384K, 13% used [0x00000000e0000000,0x00000000e33d2738,0x00000000f8700000)
  from space 38912K, 35% used [0x00000000f8700000,0x00000000f94917e0,0x00000000fad00000)
  to   space 32256K, 0% used [0x00000000fb380000,0x00000000fb380000,0x00000000fd300000)
 ParOldGen       total 197120K, used 62699K [0x00000000a0000000, 0x00000000ac080000, 0x00000000e0000000)
  object space 197120K, 31% used [0x00000000a0000000,0x00000000a3d3ad18,0x00000000ac080000)
 Metaspace       used 95330K, capacity 100280K, committed 100736K, reserved 1136640K
  class space    used 12327K, capacity 13272K, committed 13440K, reserved 1048576K

Card table byte_map: [0x0000000011e70000,0x0000000012180000] byte_map_base: 0x0000000011970000

Marking Bits: (ParMarkBitMap*) 0x000000006927a6d0
 Begin Bits: [0x0000000012780000, 0x0000000013f80000)
 End Bits:   [0x0000000013f80000, 0x0000000015780000)

Polling page: 0x0000000001030000

CodeCache: size=245760Kb used=63663Kb max_used=63667Kb free=182096Kb
 bounds [0x0000000002ab0000, 0x0000000006940000, 0x0000000011ab0000]
 total_blobs=19008 nmethods=18049 adapters=869
 compilation: enabled

Compilation events (10 events):
Event: 3134.838 Thread 0x0000000016424800 23452       4       com.sun.org.apache.xerces.internal.parsers.AbstractDOMParser::internalEntityDecl (385 bytes)
Event: 3134.915 Thread 0x000000001642a000 23455       3       org.gradle.api.internal.artifacts.ivyservice.modulecache.DefaultModuleArtifactsCache$ModuleArtifactsCacheEntrySerializer::read (6 bytes)
Event: 3134.915 Thread 0x000000001642a000 nmethod 23455 0x000000000692aa50 code [0x000000000692abc0, 0x000000000692ad68]
Event: 3134.915 Thread 0x000000001642a000 23456       3       org.gradle.api.internal.artifacts.ivyservice.modulecache.DefaultModuleArtifactsCache$ModuleArtifactsCacheEntry::<init> (28 bytes)
Event: 3134.917 Thread 0x000000001642a000 nmethod 23456 0x0000000006926e90 code [0x0000000006927080, 0x0000000006927828]
Event: 3134.949 Thread 0x0000000016424800 nmethod 23452 0x0000000006931f50 code [0x0000000006932240, 0x0000000006934f48]
Event: 3134.949 Thread 0x0000000016424800 23454       4       org.gradle.internal.resource.ExternalResourceName::join (104 bytes)
Event: 3134.995 Thread 0x0000000016424800 nmethod 23454 0x000000000692c150 code [0x000000000692c320, 0x000000000692d228]
Event: 3134.995 Thread 0x0000000016424800 23453       4       com.sun.org.apache.xerces.internal.dom.ParentNode::lastChild (16 bytes)
Event: 3134.996 Thread 0x0000000016424800 nmethod 23453 0x0000000003328d90 code [0x0000000003328ec0, 0x0000000003328f58]

GC Heap History (10 events):
Event: 2735.551 GC heap before
{Heap before GC invocations=35 (full 4):
 PSYoungGen      total 375808K, used 354821K [0x00000000e0000000, 0x00000000fa080000, 0x0000000100000000)
  eden space 338432K, 100% used [0x00000000e0000000,0x00000000f4a80000,0x00000000f4a80000)
  from space 37376K, 43% used [0x00000000f7c00000,0x00000000f8c01598,0x00000000fa080000)
  to   space 44032K, 0% used [0x00000000f4a80000,0x00000000f4a80000,0x00000000f7580000)
 ParOldGen       total 197120K, used 62675K [0x00000000a0000000, 0x00000000ac080000, 0x00000000e0000000)
  object space 197120K, 31% used [0x00000000a0000000,0x00000000a3d34d18,0x00000000ac080000)
 Metaspace       used 94433K, capacity 98926K, committed 99968K, reserved 1136640K
  class space    used 12247K, capacity 13135K, committed 13440K, reserved 1048576K
Event: 2735.580 GC heap after
Heap after GC invocations=35 (full 4):
 PSYoungGen      total 382464K, used 4757K [0x00000000e0000000, 0x00000000fc580000, 0x0000000100000000)
  eden space 338432K, 0% used [0x00000000e0000000,0x00000000e0000000,0x00000000f4a80000)
  from space 44032K, 10% used [0x00000000f4a80000,0x00000000f4f255e8,0x00000000f7580000)
  to   space 44544K, 0% used [0x00000000f9a00000,0x00000000f9a00000,0x00000000fc580000)
 ParOldGen       total 197120K, used 62675K [0x00000000a0000000, 0x00000000ac080000, 0x00000000e0000000)
  object space 197120K, 31% used [0x00000000a0000000,0x00000000a3d34d18,0x00000000ac080000)
 Metaspace       used 94433K, capacity 98926K, committed 99968K, reserved 1136640K
  class space    used 12247K, capacity 13135K, committed 13440K, reserved 1048576K
}
Event: 2738.353 GC heap before
{Heap before GC invocations=36 (full 4):
 PSYoungGen      total 382464K, used 342973K [0x00000000e0000000, 0x00000000fc580000, 0x0000000100000000)
  eden space 338432K, 99% used [0x00000000e0000000,0x00000000f4a49fd0,0x00000000f4a80000)
  from space 44032K, 10% used [0x00000000f4a80000,0x00000000f4f255e8,0x00000000f7580000)
  to   space 44544K, 0% used [0x00000000f9a00000,0x00000000f9a00000,0x00000000fc580000)
 ParOldGen       total 197120K, used 62675K [0x00000000a0000000, 0x00000000ac080000, 0x00000000e0000000)
  object space 197120K, 31% used [0x00000000a0000000,0x00000000a3d34d18,0x00000000ac080000)
 Metaspace       used 94561K, capacity 98966K, committed 99968K, reserved 1136640K
  class space    used 12251K, capacity 13141K, committed 13440K, reserved 1048576K
Event: 2738.377 GC heap after
Heap after GC invocations=36 (full 4):
 PSYoungGen      total 417792K, used 13010K [0x00000000e0000000, 0x00000000fc280000, 0x0000000100000000)
  eden space 376320K, 0% used [0x00000000e0000000,0x00000000e0000000,0x00000000f6f80000)
  from space 41472K, 31% used [0x00000000f9a00000,0x00000000fa6b4ac0,0x00000000fc280000)
  to   space 42496K, 0% used [0x00000000f6f80000,0x00000000f6f80000,0x00000000f9900000)
 ParOldGen       total 197120K, used 62675K [0x00000000a0000000, 0x00000000ac080000, 0x00000000e0000000)
  object space 197120K, 31% used [0x00000000a0000000,0x00000000a3d34d18,0x00000000ac080000)
 Metaspace       used 94561K, capacity 98966K, committed 99968K, reserved 1136640K
  class space    used 12251K, capacity 13141K, committed 13440K, reserved 1048576K
}
Event: 3018.830 GC heap before
{Heap before GC invocations=37 (full 4):
 PSYoungGen      total 417792K, used 389330K [0x00000000e0000000, 0x00000000fc280000, 0x0000000100000000)
  eden space 376320K, 100% used [0x00000000e0000000,0x00000000f6f80000,0x00000000f6f80000)
  from space 41472K, 31% used [0x00000000f9a00000,0x00000000fa6b4ac0,0x00000000fc280000)
  to   space 42496K, 0% used [0x00000000f6f80000,0x00000000f6f80000,0x00000000f9900000)
 ParOldGen       total 197120K, used 62675K [0x00000000a0000000, 0x00000000ac080000, 0x00000000e0000000)
  object space 197120K, 31% used [0x00000000a0000000,0x00000000a3d34d18,0x00000000ac080000)
 Metaspace       used 95025K, capacity 99894K, committed 100224K, reserved 1136640K
  class space    used 12315K, capacity 13253K, committed 13440K, reserved 1048576K
Event: 3018.864 GC heap after
Heap after GC invocations=37 (full 4):
 PSYoungGen      total 418816K, used 18424K [0x00000000e0000000, 0x00000000fdb00000, 0x0000000100000000)
  eden space 376320K, 0% used [0x00000000e0000000,0x00000000e0000000,0x00000000f6f80000)
  from space 42496K, 43% used [0x00000000f6f80000,0x00000000f817e380,0x00000000f9900000)
  to   space 40448K, 0% used [0x00000000fb380000,0x00000000fb380000,0x00000000fdb00000)
 ParOldGen       total 197120K, used 62683K [0x00000000a0000000, 0x00000000ac080000, 0x00000000e0000000)
  object space 197120K, 31% used [0x00000000a0000000,0x00000000a3d36d18,0x00000000ac080000)
 Metaspace       used 95025K, capacity 99894K, committed 100224K, reserved 1136640K
  class space    used 12315K, capacity 13253K, committed 13440K, reserved 1048576K
}
Event: 3086.106 GC heap before
{Heap before GC invocations=38 (full 4):
 PSYoungGen      total 418816K, used 394744K [0x00000000e0000000, 0x00000000fdb00000, 0x0000000100000000)
  eden space 376320K, 100% used [0x00000000e0000000,0x00000000f6f80000,0x00000000f6f80000)
  from space 42496K, 43% used [0x00000000f6f80000,0x00000000f817e380,0x00000000f9900000)
  to   space 40448K, 0% used [0x00000000fb380000,0x00000000fb380000,0x00000000fdb00000)
 ParOldGen       total 197120K, used 62683K [0x00000000a0000000, 0x00000000ac080000, 0x00000000e0000000)
  object space 197120K, 31% used [0x00000000a0000000,0x00000000a3d36d18,0x00000000ac080000)
 Metaspace       used 95153K, capacity 99998K, committed 100480K, reserved 1136640K
  class space    used 12324K, capacity 13269K, committed 13440K, reserved 1048576K
Event: 3086.134 GC heap after
Heap after GC invocations=38 (full 4):
 PSYoungGen      total 432640K, used 13338K [0x00000000e0000000, 0x00000000fd300000, 0x0000000100000000)
  eden space 400384K, 0% used [0x00000000e0000000,0x00000000e0000000,0x00000000f8700000)
  from space 32256K, 41% used [0x00000000fb380000,0x00000000fc086878,0x00000000fd300000)
  to   space 38912K, 0% used [0x00000000f8700000,0x00000000f8700000,0x00000000fad00000)
 ParOldGen       total 197120K, used 62691K [0x00000000a0000000, 0x00000000ac080000, 0x00000000e0000000)
  object space 197120K, 31% used [0x00000000a0000000,0x00000000a3d38d18,0x00000000ac080000)
 Metaspace       used 95153K, capacity 99998K, committed 100480K, reserved 1136640K
  class space    used 12324K, capacity 13269K, committed 13440K, reserved 1048576K
}
Event: 3134.588 GC heap before
{Heap before GC invocations=39 (full 4):
 PSYoungGen      total 432640K, used 413722K [0x00000000e0000000, 0x00000000fd300000, 0x0000000100000000)
  eden space 400384K, 100% used [0x00000000e0000000,0x00000000f8700000,0x00000000f8700000)
  from space 32256K, 41% used [0x00000000fb380000,0x00000000fc086878,0x00000000fd300000)
  to   space 38912K, 0% used [0x00000000f8700000,0x00000000f8700000,0x00000000fad00000)
 ParOldGen       total 197120K, used 62691K [0x00000000a0000000, 0x00000000ac080000, 0x00000000e0000000)
  object space 197120K, 31% used [0x00000000a0000000,0x00000000a3d38d18,0x00000000ac080000)
 Metaspace       used 95308K, capacity 100280K, committed 100736K, reserved 1136640K
  class space    used 12327K, capacity 13272K, committed 13440K, reserved 1048576K
Event: 3134.604 GC heap after
Heap after GC invocations=39 (full 4):
 PSYoungGen      total 439296K, used 13893K [0x00000000e0000000, 0x00000000fd300000, 0x0000000100000000)
  eden space 400384K, 0% used [0x00000000e0000000,0x00000000e0000000,0x00000000f8700000)
  from space 38912K, 35% used [0x00000000f8700000,0x00000000f94917e0,0x00000000fad00000)
  to   space 32256K, 0% used [0x00000000fb380000,0x00000000fb380000,0x00000000fd300000)
 ParOldGen       total 197120K, used 62699K [0x00000000a0000000, 0x00000000ac080000, 0x00000000e0000000)
  object space 197120K, 31% used [0x00000000a0000000,0x00000000a3d3ad18,0x00000000ac080000)
 Metaspace       used 95308K, capacity 100280K, committed 100736K, reserved 1136640K
  class space    used 12327K, capacity 13272K, committed 13440K, reserved 1048576K
}

Deoptimization events (10 events):
Event: 3018.759 Thread 0x000000001b095000 Uncommon trap: reason=class_check action=maybe_recompile pc=0x0000000005725e24 method=com.android.tools.r8.ir.conversion.IRConverter.convertMethodToDex(Lcom/android/tools/r8/graph/DexEncodedMethod;)V @ 24
Event: 3018.761 Thread 0x000000001b095000 Uncommon trap: reason=class_check action=maybe_recompile pc=0x0000000005725e24 method=com.android.tools.r8.ir.conversion.IRConverter.convertMethodToDex(Lcom/android/tools/r8/graph/DexEncodedMethod;)V @ 24
Event: 3089.334 Thread 0x000000001f52a800 Uncommon trap: reason=class_check action=maybe_recompile pc=0x00000000057b8074 method=com.android.tools.r8.graph.DexItem.lambda$collectAll$0(Lcom/android/tools/r8/dex/IndexedItemCollection;Lcom/android/tools/r8/graph/DexItem;)V @ 2
Event: 3089.334 Thread 0x000000001f52a800 Uncommon trap: reason=class_check action=maybe_recompile pc=0x00000000057b8074 method=com.android.tools.r8.graph.DexItem.lambda$collectAll$0(Lcom/android/tools/r8/dex/IndexedItemCollection;Lcom/android/tools/r8/graph/DexItem;)V @ 2
Event: 3089.334 Thread 0x000000001f52a800 Uncommon trap: reason=class_check action=maybe_recompile pc=0x00000000057b8074 method=com.android.tools.r8.graph.DexItem.lambda$collectAll$0(Lcom/android/tools/r8/dex/IndexedItemCollection;Lcom/android/tools/r8/graph/DexItem;)V @ 2
Event: 3089.334 Thread 0x000000001f52a800 Uncommon trap: reason=class_check action=maybe_recompile pc=0x00000000057b8074 method=com.android.tools.r8.graph.DexItem.lambda$collectAll$0(Lcom/android/tools/r8/dex/IndexedItemCollection;Lcom/android/tools/r8/graph/DexItem;)V @ 2
Event: 3089.340 Thread 0x000000001f52a800 Uncommon trap: reason=bimorphic action=maybe_recompile pc=0x00000000055db804 method=com.android.tools.r8.graph.DexItem.lambda$collectAll$0(Lcom/android/tools/r8/dex/IndexedItemCollection;Lcom/android/tools/r8/graph/DexItem;)V @ 2
Event: 3089.340 Thread 0x000000001f52a800 Uncommon trap: reason=bimorphic action=maybe_recompile pc=0x00000000055db804 method=com.android.tools.r8.graph.DexItem.lambda$collectAll$0(Lcom/android/tools/r8/dex/IndexedItemCollection;Lcom/android/tools/r8/graph/DexItem;)V @ 2
Event: 3089.340 Thread 0x000000001f52a800 Uncommon trap: reason=bimorphic action=maybe_recompile pc=0x00000000055db804 method=com.android.tools.r8.graph.DexItem.lambda$collectAll$0(Lcom/android/tools/r8/dex/IndexedItemCollection;Lcom/android/tools/r8/graph/DexItem;)V @ 2
Event: 3089.340 Thread 0x000000001f52a800 Uncommon trap: reason=bimorphic action=maybe_recompile pc=0x00000000055db804 method=com.android.tools.r8.graph.DexItem.lambda$collectAll$0(Lcom/android/tools/r8/dex/IndexedItemCollection;Lcom/android/tools/r8/graph/DexItem;)V @ 2

Internal exceptions (10 events):
Event: 3134.201 Thread 0x000000001b096800 Exception <a 'sun/nio/fs/WindowsException'> (0x00000000f11be678) thrown at [C:\re\workspace\8-2-build-windows-amd64-cygwin\jdk8u101\7261\hotspot\src\share\vm\prims\jni.cpp, line 709]
Event: 3134.201 Thread 0x000000001b096800 Exception <a 'sun/nio/fs/WindowsException'> (0x00000000f11bf2f8) thrown at [C:\re\workspace\8-2-build-windows-amd64-cygwin\jdk8u101\7261\hotspot\src\share\vm\prims\jni.cpp, line 709]
Event: 3134.202 Thread 0x000000001b096800 Exception <a 'sun/nio/fs/WindowsException'> (0x00000000f11c3f60) thrown at [C:\re\workspace\8-2-build-windows-amd64-cygwin\jdk8u101\7261\hotspot\src\share\vm\prims\jni.cpp, line 709]
Event: 3134.202 Thread 0x000000001b096800 Exception <a 'sun/nio/fs/WindowsException'> (0x00000000f11c4bd0) thrown at [C:\re\workspace\8-2-build-windows-amd64-cygwin\jdk8u101\7261\hotspot\src\share\vm\prims\jni.cpp, line 709]
Event: 3134.202 Thread 0x000000001b096800 Exception <a 'sun/nio/fs/WindowsException'> (0x00000000f11c6888) thrown at [C:\re\workspace\8-2-build-windows-amd64-cygwin\jdk8u101\7261\hotspot\src\share\vm\prims\jni.cpp, line 709]
Event: 3134.202 Thread 0x000000001b096800 Exception <a 'sun/nio/fs/WindowsException'> (0x00000000f11c7530) thrown at [C:\re\workspace\8-2-build-windows-amd64-cygwin\jdk8u101\7261\hotspot\src\share\vm\prims\jni.cpp, line 709]
Event: 3134.203 Thread 0x000000001b096800 Exception <a 'sun/nio/fs/WindowsException'> (0x00000000f11cc0c8) thrown at [C:\re\workspace\8-2-build-windows-amd64-cygwin\jdk8u101\7261\hotspot\src\share\vm\prims\jni.cpp, line 709]
Event: 3134.203 Thread 0x000000001b096800 Exception <a 'sun/nio/fs/WindowsException'> (0x00000000f11ccbf8) thrown at [C:\re\workspace\8-2-build-windows-amd64-cygwin\jdk8u101\7261\hotspot\src\share\vm\prims\jni.cpp, line 709]
Event: 3134.203 Thread 0x000000001b096800 Exception <a 'sun/nio/fs/WindowsException'> (0x00000000f11ce770) thrown at [C:\re\workspace\8-2-build-windows-amd64-cygwin\jdk8u101\7261\hotspot\src\share\vm\prims\jni.cpp, line 709]
Event: 3134.203 Thread 0x000000001b096800 Exception <a 'sun/nio/fs/WindowsException'> (0x00000000f11cf2d8) thrown at [C:\re\workspace\8-2-build-windows-amd64-cygwin\jdk8u101\7261\hotspot\src\share\vm\prims\jni.cpp, line 709]

Events (10 events):
Event: 3134.761 loading class org/gradle/model/internal/registry/RuleBindings$1
Event: 3134.761 loading class org/gradle/model/internal/registry/RuleBindings$1 done
Event: 3134.777 Thread 0x000000001f533800 Thread added: 0x000000001f533800
Event: 3134.805 Thread 0x000000001f537000 Thread added: 0x000000001f537000
Event: 3134.812 Thread 0x000000001f535000 Thread added: 0x000000001f535000
Event: 3134.822 Thread 0x000000001f538000 Thread added: 0x000000001f538000
Event: 3134.822 Thread 0x000000001f535800 Thread added: 0x000000001f535800
Event: 3134.822 Thread 0x000000001f538800 Thread added: 0x000000001f538800
Event: 3134.838 Thread 0x000000001b096800 DEOPT PACKING pc=0x0000000002dd0275 sp=0x000000003af69790
Event: 3134.838 Thread 0x000000001b096800 DEOPT UNPACKING pc=0x0000000002af787f sp=0x000000003af695c8 mode 0


Dynamic libraries:
0x00007ff68a820000 - 0x00007ff68a857000 	C:\Program Files\Java\jdk1.8.0_101\bin\java.exe
0x00007ffa07590000 - 0x00007ffa07771000 	C:\WINDOWS\SYSTEM32\ntdll.dll
0x00007ffa04cf0000 - 0x00007ffa04da2000 	C:\WINDOWS\System32\KERNEL32.DLL
0x00007ffa03b00000 - 0x00007ffa03d73000 	C:\WINDOWS\System32\KERNELBASE.dll
0x00007ffa06260000 - 0x00007ffa06301000 	C:\WINDOWS\System32\ADVAPI32.dll
0x00007ffa066f0000 - 0x00007ffa0678e000 	C:\WINDOWS\System32\msvcrt.dll
0x00007ffa06310000 - 0x00007ffa0636b000 	C:\WINDOWS\System32\sechost.dll
0x00007ffa07430000 - 0x00007ffa07554000 	C:\WINDOWS\System32\RPCRT4.dll
0x00007ffa04a20000 - 0x00007ffa04bb0000 	C:\WINDOWS\System32\USER32.dll
0x00007ffa04020000 - 0x00007ffa04040000 	C:\WINDOWS\System32\win32u.dll
0x00007ffa04cc0000 - 0x00007ffa04ce8000 	C:\WINDOWS\System32\GDI32.dll
0x00007ffa04170000 - 0x00007ffa04302000 	C:\WINDOWS\System32\gdi32full.dll
0x00007ffa03960000 - 0x00007ffa039ff000 	C:\WINDOWS\System32\msvcp_win.dll
0x00007ffa03a00000 - 0x00007ffa03afa000 	C:\WINDOWS\System32\ucrtbase.dll
0x00007ff9f59a0000 - 0x00007ff9f5c09000 	C:\WINDOWS\WinSxS\amd64_microsoft.windows.common-controls_6595b64144ccf1df_6.0.17134.228_none_fb4599993062b194\COMCTL32.dll
0x00007ffa06880000 - 0x00007ffa06ba3000 	C:\WINDOWS\System32\combase.dll
0x00007ffa040f0000 - 0x00007ffa0416a000 	C:\WINDOWS\System32\bcryptPrimitives.dll
0x00007ffa06bb0000 - 0x00007ffa06bdd000 	C:\WINDOWS\System32\IMM32.DLL
0x000000006b200000 - 0x000000006b2d2000 	C:\Program Files\Java\jdk1.8.0_101\jre\bin\msvcr100.dll
0x0000000068a60000 - 0x00000000692fa000 	C:\Program Files\Java\jdk1.8.0_101\jre\bin\server\jvm.dll
0x00007ffa07330000 - 0x00007ffa07338000 	C:\WINDOWS\System32\PSAPI.DLL
0x00007ff9f4a20000 - 0x00007ff9f4a29000 	C:\WINDOWS\SYSTEM32\WSOCK32.dll
0x00007ff9fb950000 - 0x00007ff9fb95a000 	C:\WINDOWS\SYSTEM32\VERSION.dll
0x00007ffa01380000 - 0x00007ffa013a3000 	C:\WINDOWS\SYSTEM32\WINMM.dll
0x00007ffa073c0000 - 0x00007ffa0742c000 	C:\WINDOWS\System32\WS2_32.dll
0x00007ffa01350000 - 0x00007ffa0137a000 	C:\WINDOWS\SYSTEM32\winmmbase.dll
0x00007ffa03de0000 - 0x00007ffa03e29000 	C:\WINDOWS\System32\cfgmgr32.dll
0x000000006b1f0000 - 0x000000006b1ff000 	C:\Program Files\Java\jdk1.8.0_101\jre\bin\verify.dll
0x000000006b1c0000 - 0x000000006b1e9000 	C:\Program Files\Java\jdk1.8.0_101\jre\bin\java.dll
0x000000006afd0000 - 0x000000006afe6000 	C:\Program Files\Java\jdk1.8.0_101\jre\bin\zip.dll
0x00007ffa04db0000 - 0x00007ffa061f0000 	C:\WINDOWS\System32\SHELL32.dll
0x00007ffa04c10000 - 0x00007ffa04cb9000 	C:\WINDOWS\System32\shcore.dll
0x00007ffa04310000 - 0x00007ffa04a1d000 	C:\WINDOWS\System32\windows.storage.dll
0x00007ffa04bb0000 - 0x00007ffa04c01000 	C:\WINDOWS\System32\shlwapi.dll
0x00007ffa038a0000 - 0x00007ffa038b1000 	C:\WINDOWS\System32\kernel.appcore.dll
0x00007ffa03940000 - 0x00007ffa0395f000 	C:\WINDOWS\System32\profapi.dll
0x00007ffa038c0000 - 0x00007ffa0390c000 	C:\WINDOWS\System32\powrprof.dll
0x00007ffa03930000 - 0x00007ffa0393a000 	C:\WINDOWS\System32\FLTLIB.DLL
0x000000006afb0000 - 0x000000006afca000 	C:\Program Files\Java\jdk1.8.0_101\jre\bin\net.dll
0x00007ffa03120000 - 0x00007ffa03186000 	C:\WINDOWS\system32\mswsock.dll
0x0000000068a40000 - 0x0000000068a51000 	C:\Program Files\Java\jdk1.8.0_101\jre\bin\nio.dll
0x00007ff9fa300000 - 0x00007ff9fa31e000 	C:\Users\Willian\.gradle\native\25\windows-amd64\native-platform.dll
0x000000006b1b0000 - 0x000000006b1bd000 	C:\Program Files\Java\jdk1.8.0_101\jre\bin\management.dll
0x00007ffa032d0000 - 0x00007ffa032e7000 	C:\WINDOWS\SYSTEM32\CRYPTSP.dll
0x00007ffa02d00000 - 0x00007ffa02d33000 	C:\WINDOWS\system32\rsaenh.dll
0x00007ffa03400000 - 0x00007ffa03425000 	C:\WINDOWS\SYSTEM32\bcrypt.dll
0x00007ffa037d0000 - 0x00007ffa037f8000 	C:\WINDOWS\SYSTEM32\USERENV.dll
0x00007ffa032f0000 - 0x00007ffa032fb000 	C:\WINDOWS\SYSTEM32\CRYPTBASE.dll
0x00007ffa02ea0000 - 0x00007ffa02ed8000 	C:\WINDOWS\SYSTEM32\IPHLPAPI.DLL
0x00007ffa06250000 - 0x00007ffa06258000 	C:\WINDOWS\System32\NSI.dll
0x00007ff9fb2c0000 - 0x00007ff9fb2d6000 	C:\WINDOWS\SYSTEM32\dhcpcsvc6.DLL
0x00007ff9fb370000 - 0x00007ff9fb38a000 	C:\WINDOWS\SYSTEM32\dhcpcsvc.DLL
0x0000000068a10000 - 0x0000000068a34000 	C:\Program Files\Java\jdk1.8.0_101\jre\bin\sunec.dll
0x00007ffa02ee0000 - 0x00007ffa02f9e000 	C:\WINDOWS\SYSTEM32\DNSAPI.dll
0x00007ff9f77a0000 - 0x00007ff9f77aa000 	C:\Windows\System32\rasadhlp.dll
0x00007ff9f6850000 - 0x00007ff9f68c2000 	C:\WINDOWS\System32\fwpuclnt.dll
0x000000006afa0000 - 0x000000006afab000 	C:\Program Files\Java\jdk1.8.0_101\jre\bin\sunmscapi.dll
0x00007ffa03e30000 - 0x00007ffa04012000 	C:\WINDOWS\System32\CRYPT32.dll
0x00007ffa03910000 - 0x00007ffa03922000 	C:\WINDOWS\System32\MSASN1.dll
0x00007ff9d6560000 - 0x00007ff9d6576000 	C:\WINDOWS\system32\napinsp.dll
0x00007ff9d55e0000 - 0x00007ff9d55fa000 	C:\WINDOWS\system32\pnrpnsp.dll
0x00007ff9fffb0000 - 0x00007ff9fffc9000 	C:\WINDOWS\system32\NLAapi.dll
0x00007ff9ec270000 - 0x00007ff9ec27e000 	C:\WINDOWS\System32\winrnr.dll
0x00007ff9de1e0000 - 0x00007ff9de1f5000 	C:\WINDOWS\System32\wshbth.dll
0x0000000068870000 - 0x0000000068a08000 	C:\Program Files\Java\jdk1.8.0_101\jre\bin\awt.dll
0x00007ffa06df0000 - 0x00007ffa06eb2000 	C:\WINDOWS\System32\OLEAUT32.dll
0x00007ffa01a00000 - 0x00007ffa01a8b000 	C:\WINDOWS\SYSTEM32\apphelp.dll
0x00007ffa02090000 - 0x00007ffa020b9000 	C:\WINDOWS\system32\DWMAPI.DLL
0x00007ffa01c70000 - 0x00007ffa01d08000 	C:\WINDOWS\system32\uxtheme.dll
0x0000000068840000 - 0x000000006886a000 	C:\Program Files\Java\jdk1.8.0_101\jre\bin\dcpr.dll
0x00007ffa02990000 - 0x00007ffa029c1000 	C:\WINDOWS\SYSTEM32\ntmarta.dll

VM Arguments:
jvm_args: -Xmx1536m -Dfile.encoding=windows-1252 -Duser.country=BR -Duser.language=pt -Duser.variant 
java_command: org.gradle.launcher.daemon.bootstrap.GradleDaemon 4.4
java_class_path (initial): C:\Users\Willian\.gradle\wrapper\dists\gradle-4.4-all\9br9xq1tocpiv8o6njlyu5op1\gradle-4.4\lib\gradle-launcher-4.4.jar
Launcher Type: SUN_STANDARD

Environment Variables:
PATH=C:\Program Files (x86)\Common Files\Oracle\Java\javapath;C:\ProgramData\Oracle\Java\javapath;C:\Program Files (x86)\NVIDIA Corporation\PhysX\Common;C:\Program Files (x86)\Intel\iCLS Client\;C:\Program Files\Intel\iCLS Client\;C:\WINDOWS\system32;C:\WINDOWS;C:\WINDOWS\System32\Wbem;C:\WINDOWS\System32\WindowsPowerShell\v1.0\;C:\Program Files (x86)\Intel\Intel(R) Management Engine Components\DAL;C:\Program Files\Intel\Intel(R) Management Engine Components\DAL;C:\Program Files (x86)\Intel\Intel(R) Management Engine Components\IPT;C:\Program Files\Intel\Intel(R) Management Engine Components\IPT;c:\Program Files (x86)\ATI Technologies\ATI.ACE\Core-Static;C:\WINDOWS\system32\config\systemprofile\.dnx\bin;C:\Program Files\Microsoft DNX\Dnvm\;C:\Program Files\Microsoft SQL Server\130\Tools\Binn\;C:\Program Files\Common Files\Autodesk Shared\;C:\Program Files (x86)\Autodesk\Backburner\;C:\Program Files\Java\jdk1.7.0_79\bin;C:\Program Files (x86)\GtkSharp\2.12\bin;C:\Program Files\Git\cmd;C:\Program Files\Intel\WiFi\bin\;C:\Program Files\Common Files\Intel\WirelessCommon\;C:\WINDOWS\System32\OpenSSH\;C:\Users\Willian\AppData\Local\Microsoft\WindowsApps;
USERNAME=Willian
OS=Windows_NT
PROCESSOR_IDENTIFIER=Intel64 Family 6 Model 61 Stepping 4, GenuineIntel



---------------  S Y S T E M  ---------------

OS: Windows 10.0 , 64 bit Build 17134 (10.0.17134.1)

CPU:total 4 (2 cores per cpu, 2 threads per core) family 6 model 61 stepping 4, cmov, cx8, fxsr, mmx, sse, sse2, sse3, ssse3, sse4.1, sse4.2, popcnt, avx, avx2, aes, clmul, erms, 3dnowpref, lzcnt, ht, tsc, tscinvbit, bmi1, bmi2, adx

Memory: 4k page, physical 8301016k(940900k free), swap 8301016k(4816k free)

vm_info: Java HotSpot(TM) 64-Bit Server VM (25.101-b13) for windows-amd64 JRE (1.8.0_101-b13), built on Jun 22 2016 01:21:29 by "java_re" with MS VC++ 10.0 (VS2010)

time: Thu Sep 13 22:42:00 2018
elapsed time: 3135 seconds (0d 0h 52m 15s)

